[ 2016-03-25T11:18:14+08:00 ] 127.0.0.1 /admin/login/index
INFO: [ app_begin ] --START--
INFO: Run Behavior\ReadHtmlCacheBehavior [ RunTime:0.001090s ]
INFO: [ app_begin ] --END-- [ RunTime:0.001794s ]
SQL: SHOW COLUMNS FROM `think_user` [ RunTime:0.0177s ]
NOTIC: [8] Undefined index: validate /Users/link/WWW/thinkphp-easyui/ThinkPHP/Library/Think/Model.class.php 第 1185 行.
SQL: SHOW COLUMNS FROM `think_user` [ RunTime:0.0033s ]
SQL: SELECT * FROM `think_user` WHERE `name` = 'admin' LIMIT 1   [ RunTime:0.0006s ]
SQL: SELECT * FROM `think_user` WHERE `name` = 'admin' AND `pass` = 'e10adc3949ba59abbe56e057f20f883e' LIMIT 1   [ RunTime:0.0003s ]
NOTIC: [8] Undefined index: auto /Users/link/WWW/thinkphp-easyui/ThinkPHP/Library/Think/Model.class.php 第 1128 行.
SQL: SHOW COLUMNS FROM `think_login_log` [ RunTime:0.0035s ]
SQL: INSERT INTO `think_login_log` (`uid`,`ip`,`date`,`area`,`country`,`user_agent`) VALUES ('1','127.0.0.1','2016-03-25 11:18:14','对方在服务器本地登录','本机地址','Mozilla/5.0 (Macintosh; Intel Mac OS X 10_11_3) AppleWebKit/537.36 (KHTML, like Gecko) Chrome/46.0.2490.86 Safari/537.36') [ RunTime:0.0035s ]
SQL: SHOW COLUMNS FROM `think_auth_group_access` [ RunTime:0.0043s ]
SQL: SHOW COLUMNS FROM `think_auth_group` [ RunTime:0.0029s ]
SQL: SELECT User.uid AS uid,AuthGroupAccess.group_id AS group_id,AuthGroup.status AS status FROM think_user User  JOIN think_auth_group_access AuthGroupAccess ON User.uid=AuthGroupAccess.uid  JOIN think_auth_group AuthGroup ON AuthGroup.id=AuthGroupAccess.group_id WHERE ( User.uid = 1 )  [ RunTime:0.0033s ]
SQL: SELECT * FROM `think_user` WHERE `uid` = 1 LIMIT 1   [ RunTime:0.0003s ]
SQL: SELECT * FROM `think_user` WHERE `uid` = 1 LIMIT 1   [ RunTime:0.0003s ]

[ 2016-03-25T11:18:15+08:00 ] 127.0.0.1 /admin/index/main?_=1458875895134
INFO: [ app_begin ] --START--
INFO: Run Behavior\ReadHtmlCacheBehavior [ RunTime:0.000915s ]
INFO: [ app_begin ] --END-- [ RunTime:0.001647s ]
SQL: SHOW COLUMNS FROM `think_panel` [ RunTime:0.0047s ]
SQL: SELECT * FROM `think_panel` WHERE `id` = 1 LIMIT 1   [ RunTime:0.0009s ]
SQL: SELECT * FROM `think_panel` WHERE `id` = 2 LIMIT 1   [ RunTime:0.0014s ]
SQL: SELECT * FROM `think_panel` WHERE `id` = 3 LIMIT 1   [ RunTime:0.0003s ]
SQL: SELECT * FROM `think_panel` WHERE `id` = 4 LIMIT 1   [ RunTime:0.0003s ]
SQL: SHOW COLUMNS FROM `think_user` [ RunTime:0.0041s ]
SQL: SELECT * FROM `think_user` WHERE `uid` = 1 LIMIT 1   [ RunTime:0.0009s ]
SQL: SHOW COLUMNS FROM `think_auth_group` [ RunTime:0.0051s ]
NOTIC: [8] Undefined index: mapping_order /Users/link/WWW/thinkphp-easyui/ThinkPHP/Library/Think/Model/RelationModel.class.php 第 186 行.
NOTIC: [8] Undefined index: mapping_limit /Users/link/WWW/thinkphp-easyui/ThinkPHP/Library/Think/Model/RelationModel.class.php 第 187 行.
SQL: SELECT b.* FROM think_auth_group_access AS a, think_auth_group AS b WHERE a.group_id = b.id AND a. uid='1' [ RunTime:0.0003s ]
SQL: SHOW COLUMNS FROM `think_branch` [ RunTime:0.0085s ]
SQL: SELECT * FROM `think_branch` WHERE ( 1=1 AND id='1' ) LIMIT 1   [ RunTime:0.0018s ]
SQL: SHOW COLUMNS FROM `think_job` [ RunTime:0.0107s ]
SQL: SELECT * FROM `think_job` WHERE ( 1=1 AND id='1' ) LIMIT 1   [ RunTime:0.0039s ]
SQL: SHOW COLUMNS FROM `think_login_log` [ RunTime:0.0035s ]
SQL: SELECT * FROM `think_login_log` WHERE `uid` = 1 ORDER BY id desc LIMIT 1   [ RunTime:0.0005s ]
SQL: SELECT * FROM `think_login_log` WHERE `uid` = 1 ORDER BY id desc LIMIT 5   [ RunTime:0.0003s ]
INFO: [ view_parse ] --START--
INFO: [ template_filter ] --START--
INFO: Run Behavior\ContentReplaceBehavior [ RunTime:0.000068s ]
INFO: [ template_filter ] --END-- [ RunTime:0.000177s ]
INFO: Run Behavior\ParseTemplateBehavior [ RunTime:0.013934s ]
INFO: [ view_parse ] --END-- [ RunTime:0.014135s ]
INFO: [ view_filter ] --START--
INFO: Run Behavior\WriteHtmlCacheBehavior [ RunTime:0.000339s ]
INFO: [ view_filter ] --END-- [ RunTime:0.000437s ]
INFO: [ app_end ] --START--
INFO: Run Behavior\ShowPageTraceBehavior [ RunTime:0.000780s ]
INFO: [ app_end ] --END-- [ RunTime:0.000897s ]

[ 2016-03-25T11:18:15+08:00 ] 127.0.0.1 /admin/index/getleftmenu/id/1
INFO: [ app_begin ] --START--
INFO: Run Behavior\ReadHtmlCacheBehavior [ RunTime:0.000754s ]
INFO: [ app_begin ] --END-- [ RunTime:0.001291s ]
SQL: SHOW COLUMNS FROM `think_auth_rule` [ RunTime:0.0040s ]
SQL: SELECT `id` FROM `think_auth_rule`  [ RunTime:0.0005s ]
SQL: SELECT `id`,title as text,`cls` FROM `think_auth_rule` WHERE `rule_id` = 1 AND `display` = 1 AND `id` IN ('1','2','3','4','5','6','7','8','9','10','11','12','13','14','15','16','17','18','19','20','21','22','23','24','25','26','27','28','29','30','47','48','49','50','51','52','53','54','55','56','57','58','59','60','61','62','63','64','65','66','67','68','69','70','71','72','74','75','76','77','78','79','83','84','85','114','115','116','117') ORDER BY sort asc  [ RunTime:0.0038s ]
SQL: SELECT `id`,title as text,`cls`,name as url FROM `think_auth_rule` WHERE `rule_id` = 4 AND `display` = 1 AND `id` IN ('1','2','3','4','5','6','7','8','9','10','11','12','13','14','15','16','17','18','19','20','21','22','23','24','25','26','27','28','29','30','47','48','49','50','51','52','53','54','55','56','57','58','59','60','61','62','63','64','65','66','67','68','69','70','71','72','74','75','76','77','78','79','83','84','85','114','115','116','117') ORDER BY sort asc  [ RunTime:0.0007s ]

[ 2016-03-25T11:18:18+08:00 ] 127.0.0.1 /admin/Person/MyProfiles?_=1458875895135
INFO: [ app_begin ] --START--
INFO: Run Behavior\ReadHtmlCacheBehavior [ RunTime:0.000626s ]
INFO: [ app_begin ] --END-- [ RunTime:0.002065s ]
SQL: SHOW COLUMNS FROM `think_user` [ RunTime:0.0032s ]
SQL: SELECT `uid`,`name`,`title`,`job_id`,`phone`,`qq`,`visit`,`status`,`data_level`,`branch_id`,`create_date` FROM `think_user` WHERE `uid` = 1 LIMIT 1   [ RunTime:0.0002s ]
SQL: SHOW COLUMNS FROM `think_auth_group` [ RunTime:0.0018s ]
NOTIC: [8] Undefined index: mapping_order /Users/link/WWW/thinkphp-easyui/ThinkPHP/Library/Think/Model/RelationModel.class.php 第 186 行.
NOTIC: [8] Undefined index: mapping_limit /Users/link/WWW/thinkphp-easyui/ThinkPHP/Library/Think/Model/RelationModel.class.php 第 187 行.
SQL: SELECT b.* FROM think_auth_group_access AS a, think_auth_group AS b WHERE a.group_id = b.id AND a. uid='1' [ RunTime:0.0003s ]
SQL: SHOW COLUMNS FROM `think_branch` [ RunTime:0.0021s ]
SQL: SELECT * FROM `think_branch` WHERE ( 1=1 AND id='1' ) LIMIT 1   [ RunTime:0.0002s ]
SQL: SHOW COLUMNS FROM `think_job` [ RunTime:0.0020s ]
SQL: SELECT * FROM `think_job` WHERE ( 1=1 AND id='1' ) LIMIT 1   [ RunTime:0.0002s ]
INFO: [ view_parse ] --START--
INFO: [ template_filter ] --START--
INFO: Run Behavior\ContentReplaceBehavior [ RunTime:0.000064s ]
INFO: [ template_filter ] --END-- [ RunTime:0.000135s ]
INFO: Run Behavior\ParseTemplateBehavior [ RunTime:0.010212s ]
INFO: [ view_parse ] --END-- [ RunTime:0.010280s ]
INFO: [ view_filter ] --START--
INFO: Run Behavior\WriteHtmlCacheBehavior [ RunTime:0.000151s ]
INFO: [ view_filter ] --END-- [ RunTime:0.000191s ]
INFO: [ app_end ] --START--
INFO: Run Behavior\ShowPageTraceBehavior [ RunTime:0.000569s ]
INFO: [ app_end ] --END-- [ RunTime:0.000623s ]

[ 2016-03-25T11:18:19+08:00 ] 127.0.0.1 /admin/Person/LoginLog?_=1458875895136
INFO: [ app_begin ] --START--
INFO: Run Behavior\ReadHtmlCacheBehavior [ RunTime:0.000412s ]
INFO: [ app_begin ] --END-- [ RunTime:0.000714s ]
INFO: [ view_parse ] --START--
INFO: [ template_filter ] --START--
INFO: Run Behavior\ContentReplaceBehavior [ RunTime:0.000053s ]
INFO: [ template_filter ] --END-- [ RunTime:0.000129s ]
INFO: Run Behavior\ParseTemplateBehavior [ RunTime:0.013128s ]
INFO: [ view_parse ] --END-- [ RunTime:0.013198s ]
INFO: [ view_filter ] --START--
INFO: Run Behavior\WriteHtmlCacheBehavior [ RunTime:0.000170s ]
INFO: [ view_filter ] --END-- [ RunTime:0.000217s ]
INFO: [ app_end ] --START--
INFO: Run Behavior\ShowPageTraceBehavior [ RunTime:0.000470s ]
INFO: [ app_end ] --END-- [ RunTime:0.000523s ]

[ 2016-03-25T11:18:19+08:00 ] 127.0.0.1 /admin/person/loginlog
INFO: [ app_begin ] --START--
INFO: Run Behavior\ReadHtmlCacheBehavior [ RunTime:0.001612s ]
INFO: [ app_begin ] --END-- [ RunTime:0.002232s ]
NOTIC: [2] Illegal string offset 'name' /Users/link/WWW/thinkphp-easyui/Application/Admin/Controller/PersonController.class.php 第 31 行.
NOTIC: [8] Uninitialized string offset: 0 /Users/link/WWW/thinkphp-easyui/Application/Admin/Controller/PersonController.class.php 第 31 行.
NOTIC: [2] Illegal string offset 'date_begin' /Users/link/WWW/thinkphp-easyui/Application/Admin/Controller/PersonController.class.php 第 34 行.
NOTIC: [8] Uninitialized string offset: 0 /Users/link/WWW/thinkphp-easyui/Application/Admin/Controller/PersonController.class.php 第 34 行.
SQL: SHOW COLUMNS FROM `think_login_log` [ RunTime:0.0046s ]
SQL: SHOW COLUMNS FROM `think_user` [ RunTime:0.0038s ]
SQL: SELECT LoginLog.ip AS ip,LoginLog.date AS date,LoginLog.area AS area,LoginLog.country AS country,LoginLog.user_agent AS user_agent,User.name AS name FROM think_login_log LoginLog  JOIN think_user User ON User.uid=LoginLog.uid WHERE LoginLog.uid = '1' ORDER BY LoginLog.id desc LIMIT 0,20   [ RunTime:0.0008s ]
SQL: SELECT COUNT(*) AS tp_count FROM think_login_log LoginLog  JOIN think_user User ON User.uid=LoginLog.uid WHERE LoginLog.uid = '1' LIMIT 1   [ RunTime:0.0021s ]

[ 2016-03-25T11:18:20+08:00 ] 127.0.0.1 /admin/Person/EditPass?_=1458875895137
INFO: [ app_begin ] --START--
INFO: Run Behavior\ReadHtmlCacheBehavior [ RunTime:0.000417s ]
INFO: [ app_begin ] --END-- [ RunTime:0.000730s ]
INFO: [ view_parse ] --START--
INFO: [ template_filter ] --START--
INFO: Run Behavior\ContentReplaceBehavior [ RunTime:0.000040s ]
INFO: [ template_filter ] --END-- [ RunTime:0.000099s ]
INFO: Run Behavior\ParseTemplateBehavior [ RunTime:0.007082s ]
INFO: [ view_parse ] --END-- [ RunTime:0.007139s ]
INFO: [ view_filter ] --START--
INFO: Run Behavior\WriteHtmlCacheBehavior [ RunTime:0.000133s ]
INFO: [ view_filter ] --END-- [ RunTime:0.000173s ]
INFO: [ app_end ] --START--
INFO: Run Behavior\ShowPageTraceBehavior [ RunTime:0.000510s ]
INFO: [ app_end ] --END-- [ RunTime:0.000559s ]

[ 2016-03-25T11:18:21+08:00 ] 127.0.0.1 /admin/index/getleftmenu/id/2
INFO: [ app_begin ] --START--
INFO: Run Behavior\ReadHtmlCacheBehavior [ RunTime:0.000662s ]
INFO: [ app_begin ] --END-- [ RunTime:0.001130s ]
SQL: SHOW COLUMNS FROM `think_auth_rule` [ RunTime:0.0024s ]
SQL: SELECT `id` FROM `think_auth_rule`  [ RunTime:0.0003s ]
SQL: SELECT `id`,title as text,`cls` FROM `think_auth_rule` WHERE `rule_id` = 2 AND `display` = 1 AND `id` IN ('1','2','3','4','5','6','7','8','9','10','11','12','13','14','15','16','17','18','19','20','21','22','23','24','25','26','27','28','29','30','47','48','49','50','51','52','53','54','55','56','57','58','59','60','61','62','63','64','65','66','67','68','69','70','71','72','74','75','76','77','78','79','83','84','85','114','115','116','117') ORDER BY sort asc  [ RunTime:0.0006s ]
SQL: SELECT `id`,title as text,`cls`,name as url FROM `think_auth_rule` WHERE `rule_id` = 8 AND `display` = 1 AND `id` IN ('1','2','3','4','5','6','7','8','9','10','11','12','13','14','15','16','17','18','19','20','21','22','23','24','25','26','27','28','29','30','47','48','49','50','51','52','53','54','55','56','57','58','59','60','61','62','63','64','65','66','67','68','69','70','71','72','74','75','76','77','78','79','83','84','85','114','115','116','117') ORDER BY sort asc  [ RunTime:0.0007s ]
SQL: SELECT `id`,title as text,`cls`,name as url FROM `think_auth_rule` WHERE `rule_id` = 19 AND `display` = 1 AND `id` IN ('1','2','3','4','5','6','7','8','9','10','11','12','13','14','15','16','17','18','19','20','21','22','23','24','25','26','27','28','29','30','47','48','49','50','51','52','53','54','55','56','57','58','59','60','61','62','63','64','65','66','67','68','69','70','71','72','74','75','76','77','78','79','83','84','85','114','115','116','117') ORDER BY sort asc  [ RunTime:0.0004s ]
SQL: SELECT `id`,title as text,`cls`,name as url FROM `think_auth_rule` WHERE `rule_id` = 53 AND `display` = 1 AND `id` IN ('1','2','3','4','5','6','7','8','9','10','11','12','13','14','15','16','17','18','19','20','21','22','23','24','25','26','27','28','29','30','47','48','49','50','51','52','53','54','55','56','57','58','59','60','61','62','63','64','65','66','67','68','69','70','71','72','74','75','76','77','78','79','83','84','85','114','115','116','117') ORDER BY sort asc  [ RunTime:0.0003s ]
SQL: SELECT `id`,title as text,`cls`,name as url FROM `think_auth_rule` WHERE `rule_id` = 62 AND `display` = 1 AND `id` IN ('1','2','3','4','5','6','7','8','9','10','11','12','13','14','15','16','17','18','19','20','21','22','23','24','25','26','27','28','29','30','47','48','49','50','51','52','53','54','55','56','57','58','59','60','61','62','63','64','65','66','67','68','69','70','71','72','74','75','76','77','78','79','83','84','85','114','115','116','117') ORDER BY sort asc  [ RunTime:0.0003s ]

[ 2016-03-25T11:18:22+08:00 ] 127.0.0.1 /admin/System/Setting?_=1458875895138
INFO: [ app_begin ] --START--
INFO: Run Behavior\ReadHtmlCacheBehavior [ RunTime:0.000462s ]
INFO: [ app_begin ] --END-- [ RunTime:0.000787s ]
SQL: SHOW COLUMNS FROM `think_auth_rule` [ RunTime:0.0020s ]
SQL: SELECT * FROM `think_auth_rule` WHERE `name` = 'System/setting' LIMIT 1   [ RunTime:0.0016s ]
SQL: SHOW COLUMNS FROM `think_behavior_log` [ RunTime:0.0038s ]
SQL: INSERT INTO `think_behavior_log` (`uid`,`ip`,`date`,`area`,`country`,`user_agent`,`controller_name`,`controller_action`,`json_data`) VALUES ('1','127.0.0.1','2016-03-25 11:18:22','对方在服务器本地操作','本机地址','Mozilla/5.0 (Macintosh; Intel Mac OS X 10_11_3) AppleWebKit/537.36 (KHTML, like Gecko) Chrome/46.0.2490.86 Safari/537.36','执行 系统配置','System/setting','{&quot;GET&quot;:{&quot;_&quot;:&quot;1458875895138&quot;}}') [ RunTime:0.0014s ]
INFO: [ view_parse ] --START--
INFO: [ template_filter ] --START--
INFO: Run Behavior\ContentReplaceBehavior [ RunTime:0.000045s ]
INFO: [ template_filter ] --END-- [ RunTime:0.000111s ]
INFO: Run Behavior\ParseTemplateBehavior [ RunTime:0.008727s ]
INFO: [ view_parse ] --END-- [ RunTime:0.008787s ]
INFO: [ view_filter ] --START--
INFO: Run Behavior\WriteHtmlCacheBehavior [ RunTime:0.000148s ]
INFO: [ view_filter ] --END-- [ RunTime:0.000191s ]
INFO: [ app_end ] --START--
INFO: Run Behavior\ShowPageTraceBehavior [ RunTime:0.000471s ]
INFO: [ app_end ] --END-- [ RunTime:0.000521s ]

[ 2016-03-25T11:18:22+08:00 ] 127.0.0.1 /admin/system/setting
INFO: [ app_begin ] --START--
INFO: Run Behavior\ReadHtmlCacheBehavior [ RunTime:0.000822s ]
INFO: [ app_begin ] --END-- [ RunTime:0.001366s ]
SQL: SHOW COLUMNS FROM `think_auth_rule` [ RunTime:0.0034s ]
SQL: SELECT * FROM `think_auth_rule` WHERE `name` = 'System/setting' LIMIT 1   [ RunTime:0.0003s ]
SQL: SHOW COLUMNS FROM `think_behavior_log` [ RunTime:0.0021s ]
SQL: INSERT INTO `think_behavior_log` (`uid`,`ip`,`date`,`area`,`country`,`user_agent`,`controller_name`,`controller_action`,`json_data`) VALUES ('1','127.0.0.1','2016-03-25 11:18:22','对方在服务器本地操作','本机地址','Mozilla/5.0 (Macintosh; Intel Mac OS X 10_11_3) AppleWebKit/537.36 (KHTML, like Gecko) Chrome/46.0.2490.86 Safari/537.36','执行 系统配置','System/setting','{&quot;POST&quot;:[]}') [ RunTime:0.0002s ]
SQL: SHOW COLUMNS FROM `think_config` [ RunTime:0.0033s ]
SQL: SHOW COLUMNS FROM `think_config_cate` [ RunTime:0.0030s ]
SQL: SELECT Config.name AS name,Config.key AS `key`,Config.value AS `value`,Config.default AS `default`,Config.editor AS editor,ConfigCate.title AS `group` FROM think_config Config  JOIN think_config_cate ConfigCate ON Config.config_cate_id=ConfigCate.id  [ RunTime:0.0017s ]

[ 2016-03-25T11:18:23+08:00 ] 127.0.0.1 /admin/Core/Rule?_=1458875895139
INFO: [ app_begin ] --START--
INFO: Run Behavior\ReadHtmlCacheBehavior [ RunTime:0.001196s ]
INFO: [ app_begin ] --END-- [ RunTime:0.002203s ]
INFO: [ view_parse ] --START--
INFO: [ template_filter ] --START--
INFO: Run Behavior\ContentReplaceBehavior [ RunTime:0.000091s ]
INFO: [ template_filter ] --END-- [ RunTime:0.000162s ]
INFO: Run Behavior\ParseTemplateBehavior [ RunTime:0.012340s ]
INFO: [ view_parse ] --END-- [ RunTime:0.012420s ]
INFO: [ view_filter ] --START--
INFO: Run Behavior\WriteHtmlCacheBehavior [ RunTime:0.000176s ]
INFO: [ view_filter ] --END-- [ RunTime:0.000220s ]
INFO: [ app_end ] --START--
INFO: Run Behavior\ShowPageTraceBehavior [ RunTime:0.000469s ]
INFO: [ app_end ] --END-- [ RunTime:0.000518s ]

[ 2016-03-25T11:18:23+08:00 ] 127.0.0.1 /admin/core/rule
INFO: [ app_begin ] --START--
INFO: Run Behavior\ReadHtmlCacheBehavior [ RunTime:0.001189s ]
INFO: [ app_begin ] --END-- [ RunTime:0.001779s ]
SQL: SHOW COLUMNS FROM `think_auth_rule` [ RunTime:0.0020s ]
SQL: SELECT `id`,`title`,`name`,`sort`,`display`,`cls`,`rule_id` FROM `think_auth_rule` ORDER BY sort asc  [ RunTime:0.0005s ]

[ 2016-03-25T11:18:25+08:00 ] 127.0.0.1 /admin/login/session_timeout
INFO: [ app_begin ] --START--
INFO: Run Behavior\ReadHtmlCacheBehavior [ RunTime:0.000736s ]
INFO: [ app_begin ] --END-- [ RunTime:0.001317s ]

[ 2016-03-25T11:18:27+08:00 ] 127.0.0.1 /admin/User/index?_=1458875895140
INFO: [ app_begin ] --START--
INFO: Run Behavior\ReadHtmlCacheBehavior [ RunTime:0.001162s ]
INFO: [ app_begin ] --END-- [ RunTime:0.001923s ]
SQL: SHOW COLUMNS FROM `think_auth_rule` [ RunTime:0.0045s ]
SQL: SELECT * FROM `think_auth_rule` WHERE `name` = 'User/index' LIMIT 1   [ RunTime:0.0003s ]
SQL: SHOW COLUMNS FROM `think_behavior_log` [ RunTime:0.0025s ]
SQL: INSERT INTO `think_behavior_log` (`uid`,`ip`,`date`,`area`,`country`,`user_agent`,`controller_name`,`controller_action`,`json_data`) VALUES ('1','127.0.0.1','2016-03-25 11:18:27','对方在服务器本地操作','本机地址','Mozilla/5.0 (Macintosh; Intel Mac OS X 10_11_3) AppleWebKit/537.36 (KHTML, like Gecko) Chrome/46.0.2490.86 Safari/537.36','执行 用户管理','User/index','{&quot;GET&quot;:{&quot;_&quot;:&quot;1458875895140&quot;}}') [ RunTime:0.0004s ]
INFO: [ view_parse ] --START--
INFO: [ template_filter ] --START--
INFO: Run Behavior\ContentReplaceBehavior [ RunTime:0.000077s ]
INFO: [ template_filter ] --END-- [ RunTime:0.000153s ]
INFO: Run Behavior\ParseTemplateBehavior [ RunTime:0.016916s ]
INFO: [ view_parse ] --END-- [ RunTime:0.017018s ]
INFO: [ view_filter ] --START--
INFO: Run Behavior\WriteHtmlCacheBehavior [ RunTime:0.000193s ]
INFO: [ view_filter ] --END-- [ RunTime:0.000245s ]
INFO: [ app_end ] --START--
INFO: Run Behavior\ShowPageTraceBehavior [ RunTime:0.001767s ]
INFO: [ app_end ] --END-- [ RunTime:0.001883s ]

[ 2016-03-25T11:18:27+08:00 ] 127.0.0.1 /admin/base/listbranch/type/all
INFO: [ app_begin ] --START--
INFO: Run Behavior\ReadHtmlCacheBehavior [ RunTime:0.000751s ]
INFO: [ app_begin ] --END-- [ RunTime:0.001281s ]
SQL: SHOW COLUMNS FROM `think_branch` [ RunTime:0.0068s ]
SQL: SELECT * FROM `think_branch` ORDER BY sort asc  [ RunTime:0.0029s ]

[ 2016-03-25T11:18:27+08:00 ] 127.0.0.1 /admin/base/listgroup/type/all
INFO: [ app_begin ] --START--
INFO: Run Behavior\ReadHtmlCacheBehavior [ RunTime:0.000813s ]
INFO: [ app_begin ] --END-- [ RunTime:0.001403s ]
SQL: SHOW COLUMNS FROM `think_auth_group` [ RunTime:0.0033s ]
SQL: SELECT * FROM `think_auth_group` ORDER BY sort asc  [ RunTime:0.0004s ]

[ 2016-03-25T11:18:27+08:00 ] 127.0.0.1 /admin/user/index
INFO: [ app_begin ] --START--
INFO: Run Behavior\ReadHtmlCacheBehavior [ RunTime:0.000484s ]
INFO: [ app_begin ] --END-- [ RunTime:0.000829s ]
SQL: SHOW COLUMNS FROM `think_auth_rule` [ RunTime:0.0039s ]
SQL: SELECT * FROM `think_auth_rule` WHERE `name` = 'User/index' LIMIT 1   [ RunTime:0.0004s ]
SQL: SHOW COLUMNS FROM `think_behavior_log` [ RunTime:0.0065s ]
SQL: INSERT INTO `think_behavior_log` (`uid`,`ip`,`date`,`area`,`country`,`user_agent`,`controller_name`,`controller_action`,`json_data`) VALUES ('1','127.0.0.1','2016-03-25 11:18:27','对方在服务器本地操作','本机地址','Mozilla/5.0 (Macintosh; Intel Mac OS X 10_11_3) AppleWebKit/537.36 (KHTML, like Gecko) Chrome/46.0.2490.86 Safari/537.36','执行 用户管理','User/index','{&quot;POST&quot;:{&quot;page&quot;:&quot;1&quot;,&quot;rows&quot;:&quot;20&quot;}}') [ RunTime:0.0004s ]
NOTIC: [2] Illegal string offset 'hosp_id' /Users/link/WWW/thinkphp-easyui/Application/Admin/Controller/UserController.class.php 第 16 行.
NOTIC: [8] Uninitialized string offset: 0 /Users/link/WWW/thinkphp-easyui/Application/Admin/Controller/UserController.class.php 第 16 行.
NOTIC: [2] Illegal string offset 'branch_id' /Users/link/WWW/thinkphp-easyui/Application/Admin/Controller/UserController.class.php 第 24 行.
NOTIC: [8] Uninitialized string offset: 0 /Users/link/WWW/thinkphp-easyui/Application/Admin/Controller/UserController.class.php 第 24 行.
NOTIC: [2] Illegal string offset 'group_id' /Users/link/WWW/thinkphp-easyui/Application/Admin/Controller/UserController.class.php 第 28 行.
NOTIC: [8] Uninitialized string offset: 0 /Users/link/WWW/thinkphp-easyui/Application/Admin/Controller/UserController.class.php 第 28 行.
NOTIC: [2] Illegal string offset 'name' /Users/link/WWW/thinkphp-easyui/Application/Admin/Controller/UserController.class.php 第 36 行.
NOTIC: [8] Uninitialized string offset: 0 /Users/link/WWW/thinkphp-easyui/Application/Admin/Controller/UserController.class.php 第 36 行.
SQL: SHOW COLUMNS FROM `think_user` [ RunTime:0.0043s ]
NOTIC: [8] Undefined variable: where /Users/link/WWW/thinkphp-easyui/Application/Admin/Controller/UserController.class.php 第 39 行.
SQL: SELECT `uid`,`name`,`title`,`job_id`,`phone`,`qq`,`visit`,`status`,`data_level`,`branch_id`,`create_date` FROM `think_user` ORDER BY uid asc LIMIT 0,20   [ RunTime:0.0004s ]
SQL: SHOW COLUMNS FROM `think_auth_group` [ RunTime:0.0025s ]
NOTIC: [8] Undefined index: mapping_order /Users/link/WWW/thinkphp-easyui/ThinkPHP/Library/Think/Model/RelationModel.class.php 第 186 行.
NOTIC: [8] Undefined index: mapping_limit /Users/link/WWW/thinkphp-easyui/ThinkPHP/Library/Think/Model/RelationModel.class.php 第 187 行.
SQL: SELECT b.* FROM think_auth_group_access AS a, think_auth_group AS b WHERE a.group_id = b.id AND a. uid='1' [ RunTime:0.0004s ]
SQL: SHOW COLUMNS FROM `think_branch` [ RunTime:0.0052s ]
SQL: SELECT * FROM `think_branch` WHERE ( 1=1 AND id='1' ) LIMIT 1   [ RunTime:0.0005s ]
SQL: SHOW COLUMNS FROM `think_job` [ RunTime:0.0035s ]
SQL: SELECT * FROM `think_job` WHERE ( 1=1 AND id='1' ) LIMIT 1   [ RunTime:0.0003s ]
NOTIC: [8] Undefined index: mapping_order /Users/link/WWW/thinkphp-easyui/ThinkPHP/Library/Think/Model/RelationModel.class.php 第 186 行.
NOTIC: [8] Undefined index: mapping_limit /Users/link/WWW/thinkphp-easyui/ThinkPHP/Library/Think/Model/RelationModel.class.php 第 187 行.
SQL: SELECT b.* FROM think_auth_group_access AS a, think_auth_group AS b WHERE a.group_id = b.id AND a. uid='2' [ RunTime:0.0004s ]
SQL: SELECT * FROM `think_branch` WHERE ( 1=1 AND id='1' ) LIMIT 1   [ RunTime:0.0003s ]
SQL: SELECT * FROM `think_job` WHERE ( 1=1 AND id='8' ) LIMIT 1   [ RunTime:0.0003s ]
NOTIC: [8] Undefined index: mapping_order /Users/link/WWW/thinkphp-easyui/ThinkPHP/Library/Think/Model/RelationModel.class.php 第 186 行.
NOTIC: [8] Undefined index: mapping_limit /Users/link/WWW/thinkphp-easyui/ThinkPHP/Library/Think/Model/RelationModel.class.php 第 187 行.
SQL: SELECT b.* FROM think_auth_group_access AS a, think_auth_group AS b WHERE a.group_id = b.id AND a. uid='6' [ RunTime:0.0010s ]
SQL: SELECT * FROM `think_branch` WHERE ( 1=1 AND id='1' ) LIMIT 1   [ RunTime:0.0004s ]
SQL: SELECT * FROM `think_job` WHERE ( 1=1 AND id='3' ) LIMIT 1   [ RunTime:0.0008s ]
NOTIC: [8] Undefined variable: where /Users/link/WWW/thinkphp-easyui/Application/Admin/Controller/UserController.class.php 第 41 行.
SQL: SELECT COUNT(*) AS tp_count FROM `think_user` LIMIT 1   [ RunTime:0.0003s ]

[ 2016-03-25T11:18:31+08:00 ] 127.0.0.1 /admin/Core/Group?_=1458875895141
INFO: [ app_begin ] --START--
INFO: Run Behavior\ReadHtmlCacheBehavior [ RunTime:0.001116s ]
INFO: [ app_begin ] --END-- [ RunTime:0.002457s ]
INFO: [ view_parse ] --START--
INFO: [ template_filter ] --START--
INFO: Run Behavior\ContentReplaceBehavior [ RunTime:0.000047s ]
INFO: [ template_filter ] --END-- [ RunTime:0.000109s ]
INFO: Run Behavior\ParseTemplateBehavior [ RunTime:0.012664s ]
INFO: [ view_parse ] --END-- [ RunTime:0.012729s ]
INFO: [ view_filter ] --START--
INFO: Run Behavior\WriteHtmlCacheBehavior [ RunTime:0.000158s ]
INFO: [ view_filter ] --END-- [ RunTime:0.000202s ]
INFO: [ app_end ] --START--
INFO: Run Behavior\ShowPageTraceBehavior [ RunTime:0.000451s ]
INFO: [ app_end ] --END-- [ RunTime:0.000497s ]

[ 2016-03-25T11:18:31+08:00 ] 127.0.0.1 /admin/core/group
INFO: [ app_begin ] --START--
INFO: Run Behavior\ReadHtmlCacheBehavior [ RunTime:0.000432s ]
INFO: [ app_begin ] --END-- [ RunTime:0.000777s ]
SQL: SHOW COLUMNS FROM `think_auth_group` [ RunTime:0.0022s ]
SQL: SELECT `id`,`title`,`status`,`sort`,id as opert_id FROM `think_auth_group` ORDER BY sort asc LIMIT 0,20   [ RunTime:0.0002s ]
SQL: SELECT COUNT(*) AS tp_count FROM `think_auth_group` LIMIT 1   [ RunTime:0.0001s ]

[ 2016-03-25T11:18:32+08:00 ] 127.0.0.1 /admin/Branch/index?_=1458875895142
INFO: [ app_begin ] --START--
INFO: Run Behavior\ReadHtmlCacheBehavior [ RunTime:0.000619s ]
INFO: [ app_begin ] --END-- [ RunTime:0.001132s ]
SQL: SHOW COLUMNS FROM `think_auth_rule` [ RunTime:0.0023s ]
SQL: SELECT * FROM `think_auth_rule` WHERE `name` = 'Branch/index' LIMIT 1   [ RunTime:0.0002s ]
SQL: SHOW COLUMNS FROM `think_behavior_log` [ RunTime:0.0021s ]
SQL: INSERT INTO `think_behavior_log` (`uid`,`ip`,`date`,`area`,`country`,`user_agent`,`controller_name`,`controller_action`,`json_data`) VALUES ('1','127.0.0.1','2016-03-25 11:18:32','对方在服务器本地操作','本机地址','Mozilla/5.0 (Macintosh; Intel Mac OS X 10_11_3) AppleWebKit/537.36 (KHTML, like Gecko) Chrome/46.0.2490.86 Safari/537.36','执行 部门管理','Branch/index','{&quot;GET&quot;:{&quot;_&quot;:&quot;1458875895142&quot;}}') [ RunTime:0.0013s ]
INFO: [ view_parse ] --START--
INFO: [ template_filter ] --START--
INFO: Run Behavior\ContentReplaceBehavior [ RunTime:0.000088s ]
INFO: [ template_filter ] --END-- [ RunTime:0.000218s ]
INFO: Run Behavior\ParseTemplateBehavior [ RunTime:0.012875s ]
INFO: [ view_parse ] --END-- [ RunTime:0.012961s ]
INFO: [ view_filter ] --START--
INFO: Run Behavior\WriteHtmlCacheBehavior [ RunTime:0.000191s ]
INFO: [ view_filter ] --END-- [ RunTime:0.000242s ]
INFO: [ app_end ] --START--
INFO: Run Behavior\ShowPageTraceBehavior [ RunTime:0.000488s ]
INFO: [ app_end ] --END-- [ RunTime:0.000549s ]

[ 2016-03-25T11:18:32+08:00 ] 127.0.0.1 /admin/branch/index
INFO: [ app_begin ] --START--
INFO: Run Behavior\ReadHtmlCacheBehavior [ RunTime:0.000498s ]
INFO: [ app_begin ] --END-- [ RunTime:0.000947s ]
SQL: SHOW COLUMNS FROM `think_auth_rule` [ RunTime:0.0023s ]
SQL: SELECT * FROM `think_auth_rule` WHERE `name` = 'Branch/index' LIMIT 1   [ RunTime:0.0006s ]
SQL: SHOW COLUMNS FROM `think_behavior_log` [ RunTime:0.0027s ]
SQL: INSERT INTO `think_behavior_log` (`uid`,`ip`,`date`,`area`,`country`,`user_agent`,`controller_name`,`controller_action`,`json_data`) VALUES ('1','127.0.0.1','2016-03-25 11:18:32','对方在服务器本地操作','本机地址','Mozilla/5.0 (Macintosh; Intel Mac OS X 10_11_3) AppleWebKit/537.36 (KHTML, like Gecko) Chrome/46.0.2490.86 Safari/537.36','执行 部门管理','Branch/index','{&quot;POST&quot;:[]}') [ RunTime:0.0008s ]
SQL: SHOW COLUMNS FROM `think_branch` [ RunTime:0.0020s ]
SQL: SELECT `id`,`title`,`sort`,`branch_id` FROM `think_branch` ORDER BY sort asc  [ RunTime:0.0002s ]

[ 2016-03-25T11:18:33+08:00 ] 127.0.0.1 /admin/Job/index?_=1458875895143
INFO: [ app_begin ] --START--
INFO: Run Behavior\ReadHtmlCacheBehavior [ RunTime:0.000558s ]
INFO: [ app_begin ] --END-- [ RunTime:0.000984s ]
SQL: SHOW COLUMNS FROM `think_auth_rule` [ RunTime:0.0025s ]
SQL: SELECT * FROM `think_auth_rule` WHERE `name` = 'Job/index' LIMIT 1   [ RunTime:0.0002s ]
SQL: SHOW COLUMNS FROM `think_behavior_log` [ RunTime:0.0020s ]
SQL: INSERT INTO `think_behavior_log` (`uid`,`ip`,`date`,`area`,`country`,`user_agent`,`controller_name`,`controller_action`,`json_data`) VALUES ('1','127.0.0.1','2016-03-25 11:18:33','对方在服务器本地操作','本机地址','Mozilla/5.0 (Macintosh; Intel Mac OS X 10_11_3) AppleWebKit/537.36 (KHTML, like Gecko) Chrome/46.0.2490.86 Safari/537.36','执行 职务管理','Job/index','{&quot;GET&quot;:{&quot;_&quot;:&quot;1458875895143&quot;}}') [ RunTime:0.0002s ]
INFO: [ view_parse ] --START--
INFO: [ template_filter ] --START--
INFO: Run Behavior\ContentReplaceBehavior [ RunTime:0.000051s ]
INFO: [ template_filter ] --END-- [ RunTime:0.000122s ]
INFO: Run Behavior\ParseTemplateBehavior [ RunTime:0.011138s ]
INFO: [ view_parse ] --END-- [ RunTime:0.011237s ]
INFO: [ view_filter ] --START--
INFO: Run Behavior\WriteHtmlCacheBehavior [ RunTime:0.000229s ]
INFO: [ view_filter ] --END-- [ RunTime:0.000285s ]
INFO: [ app_end ] --START--
INFO: Run Behavior\ShowPageTraceBehavior [ RunTime:0.000604s ]
INFO: [ app_end ] --END-- [ RunTime:0.000673s ]

[ 2016-03-25T11:18:33+08:00 ] 127.0.0.1 /admin/job/index
INFO: [ app_begin ] --START--
INFO: Run Behavior\ReadHtmlCacheBehavior [ RunTime:0.001166s ]
INFO: [ app_begin ] --END-- [ RunTime:0.006460s ]
SQL: SHOW COLUMNS FROM `think_auth_rule` [ RunTime:0.0020s ]
SQL: SELECT * FROM `think_auth_rule` WHERE `name` = 'Job/index' LIMIT 1   [ RunTime:0.0002s ]
SQL: SHOW COLUMNS FROM `think_behavior_log` [ RunTime:0.0035s ]
SQL: INSERT INTO `think_behavior_log` (`uid`,`ip`,`date`,`area`,`country`,`user_agent`,`controller_name`,`controller_action`,`json_data`) VALUES ('1','127.0.0.1','2016-03-25 11:18:33','对方在服务器本地操作','本机地址','Mozilla/5.0 (Macintosh; Intel Mac OS X 10_11_3) AppleWebKit/537.36 (KHTML, like Gecko) Chrome/46.0.2490.86 Safari/537.36','执行 职务管理','Job/index','{&quot;POST&quot;:{&quot;page&quot;:&quot;1&quot;,&quot;rows&quot;:&quot;20&quot;}}') [ RunTime:0.0002s ]
SQL: SHOW COLUMNS FROM `think_job` [ RunTime:0.0024s ]
SQL: SELECT * FROM `think_job` ORDER BY sort asc LIMIT 0,20   [ RunTime:0.0003s ]
SQL: SELECT COUNT(*) AS tp_count FROM `think_job` LIMIT 1   [ RunTime:0.0002s ]

[ 2016-03-25T11:18:35+08:00 ] 127.0.0.1 /admin/login/session_timeout
INFO: [ app_begin ] --START--
INFO: Run Behavior\ReadHtmlCacheBehavior [ RunTime:0.000403s ]
INFO: [ app_begin ] --END-- [ RunTime:0.000700s ]

[ 2016-03-25T11:18:36+08:00 ] 127.0.0.1 /admin/core/setgroup/id/3?_=1458875895144
INFO: [ app_begin ] --START--
INFO: Run Behavior\ReadHtmlCacheBehavior [ RunTime:0.000957s ]
INFO: [ app_begin ] --END-- [ RunTime:0.001556s ]
SQL: SHOW COLUMNS FROM `think_auth_rule` [ RunTime:0.0026s ]
SQL: SELECT * FROM `think_auth_rule` WHERE `name` = 'Core/setgroup' LIMIT 1   [ RunTime:0.0002s ]
SQL: SHOW COLUMNS FROM `think_behavior_log` [ RunTime:0.0022s ]
SQL: INSERT INTO `think_behavior_log` (`uid`,`ip`,`date`,`area`,`country`,`user_agent`,`controller_name`,`controller_action`,`json_data`) VALUES ('1','127.0.0.1','2016-03-25 11:18:36','对方在服务器本地操作','本机地址','Mozilla/5.0 (Macintosh; Intel Mac OS X 10_11_3) AppleWebKit/537.36 (KHTML, like Gecko) Chrome/46.0.2490.86 Safari/537.36','执行 角色权限配置','Core/setgroup','{&quot;GET&quot;:{&quot;id&quot;:&quot;3&quot;,&quot;_&quot;:&quot;1458875895144&quot;}}') [ RunTime:0.0003s ]
INFO: [ view_parse ] --START--
INFO: [ template_filter ] --START--
INFO: Run Behavior\ContentReplaceBehavior [ RunTime:0.000050s ]
INFO: [ template_filter ] --END-- [ RunTime:0.000125s ]
INFO: Run Behavior\ParseTemplateBehavior [ RunTime:0.009152s ]
INFO: [ view_parse ] --END-- [ RunTime:0.009254s ]
INFO: [ view_filter ] --START--
INFO: Run Behavior\WriteHtmlCacheBehavior [ RunTime:0.000179s ]
INFO: [ view_filter ] --END-- [ RunTime:0.000230s ]
INFO: [ app_end ] --START--
INFO: Run Behavior\ShowPageTraceBehavior [ RunTime:0.000835s ]
INFO: [ app_end ] --END-- [ RunTime:0.000997s ]

[ 2016-03-25T11:18:37+08:00 ] 127.0.0.1 /admin/core/setgroup
INFO: [ app_begin ] --START--
INFO: Run Behavior\ReadHtmlCacheBehavior [ RunTime:0.000645s ]
INFO: [ app_begin ] --END-- [ RunTime:0.001192s ]
SQL: SHOW COLUMNS FROM `think_auth_rule` [ RunTime:0.0027s ]
SQL: SELECT * FROM `think_auth_rule` WHERE `name` = 'Core/setgroup' LIMIT 1   [ RunTime:0.0005s ]
SQL: SHOW COLUMNS FROM `think_behavior_log` [ RunTime:0.0024s ]
SQL: INSERT INTO `think_behavior_log` (`uid`,`ip`,`date`,`area`,`country`,`user_agent`,`controller_name`,`controller_action`,`json_data`) VALUES ('1','127.0.0.1','2016-03-25 11:18:36','对方在服务器本地操作','本机地址','Mozilla/5.0 (Macintosh; Intel Mac OS X 10_11_3) AppleWebKit/537.36 (KHTML, like Gecko) Chrome/46.0.2490.86 Safari/537.36','执行 角色权限配置','Core/setgroup','{&quot;POST&quot;:{&quot;id&quot;:&quot;3&quot;}}') [ RunTime:0.0003s ]
SQL: SELECT `id`,title as text,`rule_id` FROM `think_auth_rule`  [ RunTime:0.0005s ]
SQL: SHOW COLUMNS FROM `think_auth_group` [ RunTime:0.0037s ]
SQL: SELECT * FROM `think_auth_group` WHERE `id` = 3 LIMIT 1   [ RunTime:0.0003s ]

[ 2016-03-25T11:18:42+08:00 ] 127.0.0.1 /admin/Log/BehaviorLog?_=1458875895145
INFO: [ app_begin ] --START--
INFO: Run Behavior\ReadHtmlCacheBehavior [ RunTime:0.000789s ]
INFO: [ app_begin ] --END-- [ RunTime:0.001612s ]
INFO: [ view_parse ] --START--
INFO: [ template_filter ] --START--
INFO: Run Behavior\ContentReplaceBehavior [ RunTime:0.000051s ]
INFO: [ template_filter ] --END-- [ RunTime:0.000126s ]
INFO: Run Behavior\ParseTemplateBehavior [ RunTime:0.013839s ]
INFO: [ view_parse ] --END-- [ RunTime:0.014087s ]
INFO: [ view_filter ] --START--
INFO: Run Behavior\WriteHtmlCacheBehavior [ RunTime:0.000476s ]
INFO: [ view_filter ] --END-- [ RunTime:0.000579s ]
INFO: [ app_end ] --START--
INFO: Run Behavior\ShowPageTraceBehavior [ RunTime:0.000849s ]
INFO: [ app_end ] --END-- [ RunTime:0.000923s ]

[ 2016-03-25T11:18:42+08:00 ] 127.0.0.1 /admin/log/behaviorlog
INFO: [ app_begin ] --START--
INFO: Run Behavior\ReadHtmlCacheBehavior [ RunTime:0.000600s ]
INFO: [ app_begin ] --END-- [ RunTime:0.001219s ]
NOTIC: [2] Illegal string offset 'name' /Users/link/WWW/thinkphp-easyui/Application/Admin/Controller/LogController.class.php 第 53 行.
NOTIC: [8] Uninitialized string offset: 0 /Users/link/WWW/thinkphp-easyui/Application/Admin/Controller/LogController.class.php 第 53 行.
NOTIC: [2] Illegal string offset 'date_begin' /Users/link/WWW/thinkphp-easyui/Application/Admin/Controller/LogController.class.php 第 56 行.
NOTIC: [8] Uninitialized string offset: 0 /Users/link/WWW/thinkphp-easyui/Application/Admin/Controller/LogController.class.php 第 56 行.
NOTIC: [8] Undefined variable: where /Users/link/WWW/thinkphp-easyui/Application/Admin/Controller/LogController.class.php 第 59 行.
SQL: SHOW COLUMNS FROM `think_behavior_log` [ RunTime:0.0037s ]
SQL: SHOW COLUMNS FROM `think_user` [ RunTime:0.0041s ]
SQL: SELECT BehaviorLog.controller_name AS controller_name,BehaviorLog.controller_action AS controller_action,BehaviorLog.json_data AS json_data,BehaviorLog.date AS date,BehaviorLog.ip AS ip,User.name AS name FROM think_behavior_log BehaviorLog  JOIN think_user User ON User.uid=BehaviorLog.uid ORDER BY BehaviorLog.id desc LIMIT 0,20   [ RunTime:0.0136s ]
NOTIC: [8] Undefined variable: where /Users/link/WWW/thinkphp-easyui/Application/Admin/Controller/LogController.class.php 第 61 行.
SQL: SELECT COUNT(*) AS tp_count FROM think_behavior_log BehaviorLog  JOIN think_user User ON User.uid=BehaviorLog.uid LIMIT 1   [ RunTime:0.0006s ]

[ 2016-03-25T11:18:45+08:00 ] 127.0.0.1 /admin/login/session_timeout
INFO: [ app_begin ] --START--
INFO: Run Behavior\ReadHtmlCacheBehavior [ RunTime:0.000426s ]
INFO: [ app_begin ] --END-- [ RunTime:0.000841s ]

[ 2016-03-25T11:18:46+08:00 ] 127.0.0.1 /admin/Db/index?_=1458875895146
INFO: [ app_begin ] --START--
INFO: Run Behavior\ReadHtmlCacheBehavior [ RunTime:0.003621s ]
INFO: [ app_begin ] --END-- [ RunTime:0.004370s ]
SQL: SHOW COLUMNS FROM `think_auth_rule` [ RunTime:0.0140s ]
SQL: SELECT * FROM `think_auth_rule` WHERE `name` = 'Db/index' LIMIT 1   [ RunTime:0.0005s ]
SQL: SHOW COLUMNS FROM `think_behavior_log` [ RunTime:0.0069s ]
SQL: INSERT INTO `think_behavior_log` (`uid`,`ip`,`date`,`area`,`country`,`user_agent`,`controller_name`,`controller_action`,`json_data`) VALUES ('1','127.0.0.1','2016-03-25 11:18:46','对方在服务器本地操作','本机地址','Mozilla/5.0 (Macintosh; Intel Mac OS X 10_11_3) AppleWebKit/537.36 (KHTML, like Gecko) Chrome/46.0.2490.86 Safari/537.36','执行 查看数据表','Db/index','{&quot;GET&quot;:{&quot;_&quot;:&quot;1458875895146&quot;}}') [ RunTime:0.0005s ]
SQL: SHOW TABLES [ RunTime:0.0032s ]
INFO: [ view_parse ] --START--
INFO: [ template_filter ] --START--
INFO: Run Behavior\ContentReplaceBehavior [ RunTime:0.000116s ]
INFO: [ template_filter ] --END-- [ RunTime:0.000270s ]
INFO: Run Behavior\ParseTemplateBehavior [ RunTime:0.022270s ]
INFO: [ view_parse ] --END-- [ RunTime:0.022517s ]
INFO: [ view_filter ] --START--
INFO: Run Behavior\WriteHtmlCacheBehavior [ RunTime:0.000482s ]
INFO: [ view_filter ] --END-- [ RunTime:0.000646s ]
INFO: [ app_end ] --START--
INFO: Run Behavior\ShowPageTraceBehavior [ RunTime:0.001544s ]
INFO: [ app_end ] --END-- [ RunTime:0.004497s ]

[ 2016-03-25T11:18:46+08:00 ] 127.0.0.1 /admin/db/index
INFO: [ app_begin ] --START--
INFO: Run Behavior\ReadHtmlCacheBehavior [ RunTime:0.001153s ]
INFO: [ app_begin ] --END-- [ RunTime:0.002834s ]
SQL: SHOW COLUMNS FROM `think_auth_rule` [ RunTime:0.0039s ]
SQL: SELECT * FROM `think_auth_rule` WHERE `name` = 'Db/index' LIMIT 1   [ RunTime:0.0014s ]
SQL: SHOW COLUMNS FROM `think_behavior_log` [ RunTime:0.0050s ]
SQL: INSERT INTO `think_behavior_log` (`uid`,`ip`,`date`,`area`,`country`,`user_agent`,`controller_name`,`controller_action`,`json_data`) VALUES ('1','127.0.0.1','2016-03-25 11:18:46','对方在服务器本地操作','本机地址','Mozilla/5.0 (Macintosh; Intel Mac OS X 10_11_3) AppleWebKit/537.36 (KHTML, like Gecko) Chrome/46.0.2490.86 Safari/537.36','执行 查看数据表','Db/index','{&quot;POST&quot;:[]}') [ RunTime:0.0019s ]
SQL: SHOW TABLES [ RunTime:0.0007s ]
SQL: SHOW TABLE STATUS FROM `thinkphp-easyui` [ RunTime:0.0077s ]

[ 2016-03-25T11:18:55+08:00 ] 127.0.0.1 /admin/login/session_timeout
INFO: [ app_begin ] --START--
INFO: Run Behavior\ReadHtmlCacheBehavior [ RunTime:0.000763s ]
INFO: [ app_begin ] --END-- [ RunTime:0.001248s ]

[ 2016-03-25T11:19:06+08:00 ] 127.0.0.1 /admin/login/session_timeout
INFO: [ app_begin ] --START--
INFO: Run Behavior\ReadHtmlCacheBehavior [ RunTime:0.001798s ]
INFO: [ app_begin ] --END-- [ RunTime:0.003561s ]

[ 2016-03-25T11:19:16+08:00 ] 127.0.0.1 /admin/login/session_timeout
INFO: [ app_begin ] --START--
INFO: Run Behavior\ReadHtmlCacheBehavior [ RunTime:0.000582s ]
INFO: [ app_begin ] --END-- [ RunTime:0.000925s ]

[ 2016-03-25T11:19:27+08:00 ] 127.0.0.1 /admin/login/session_timeout
INFO: [ app_begin ] --START--
INFO: Run Behavior\ReadHtmlCacheBehavior [ RunTime:0.001918s ]
INFO: [ app_begin ] --END-- [ RunTime:0.003780s ]

[ 2016-03-25T11:19:38+08:00 ] 127.0.0.1 /admin/login/session_timeout
INFO: [ app_begin ] --START--
INFO: Run Behavior\ReadHtmlCacheBehavior [ RunTime:0.002036s ]
INFO: [ app_begin ] --END-- [ RunTime:0.004386s ]

[ 2016-03-25T11:19:48+08:00 ] 127.0.0.1 /admin/login/session_timeout
INFO: [ app_begin ] --START--
INFO: Run Behavior\ReadHtmlCacheBehavior [ RunTime:0.001057s ]
INFO: [ app_begin ] --END-- [ RunTime:0.001744s ]

[ 2016-03-25T11:19:59+08:00 ] 127.0.0.1 /admin/login/session_timeout
INFO: [ app_begin ] --START--
INFO: Run Behavior\ReadHtmlCacheBehavior [ RunTime:0.000498s ]
INFO: [ app_begin ] --END-- [ RunTime:0.000852s ]

[ 2016-03-25T11:20:09+08:00 ] 127.0.0.1 /admin/login/session_timeout
INFO: [ app_begin ] --START--
INFO: Run Behavior\ReadHtmlCacheBehavior [ RunTime:0.000516s ]
INFO: [ app_begin ] --END-- [ RunTime:0.000917s ]

[ 2016-03-25T11:20:19+08:00 ] 127.0.0.1 /admin/login/session_timeout
INFO: [ app_begin ] --START--
INFO: Run Behavior\ReadHtmlCacheBehavior [ RunTime:0.000405s ]
INFO: [ app_begin ] --END-- [ RunTime:0.000698s ]

[ 2016-03-25T11:20:35+08:00 ] 127.0.0.1 /admin/login/session_timeout
INFO: [ app_begin ] --START--
INFO: Run Behavior\ReadHtmlCacheBehavior [ RunTime:0.002152s ]
INFO: [ app_begin ] --END-- [ RunTime:0.004077s ]

[ 2016-03-25T11:20:45+08:00 ] 127.0.0.1 /admin/login/session_timeout
INFO: [ app_begin ] --START--
INFO: Run Behavior\ReadHtmlCacheBehavior [ RunTime:0.003402s ]
INFO: [ app_begin ] --END-- [ RunTime:0.005305s ]

[ 2016-03-25T11:20:55+08:00 ] 127.0.0.1 /admin/login/session_timeout
INFO: [ app_begin ] --START--
INFO: Run Behavior\ReadHtmlCacheBehavior [ RunTime:0.000597s ]
INFO: [ app_begin ] --END-- [ RunTime:0.000959s ]

[ 2016-03-25T11:21:06+08:00 ] 127.0.0.1 /admin/login/session_timeout
INFO: [ app_begin ] --START--
INFO: Run Behavior\ReadHtmlCacheBehavior [ RunTime:0.002100s ]
INFO: [ app_begin ] --END-- [ RunTime:0.004324s ]

[ 2016-03-25T11:21:17+08:00 ] 127.0.0.1 /admin/login/session_timeout
INFO: [ app_begin ] --START--
INFO: Run Behavior\ReadHtmlCacheBehavior [ RunTime:0.003233s ]
INFO: [ app_begin ] --END-- [ RunTime:0.004006s ]

[ 2016-03-25T11:21:27+08:00 ] 127.0.0.1 /admin/login/session_timeout
INFO: [ app_begin ] --START--
INFO: Run Behavior\ReadHtmlCacheBehavior [ RunTime:0.002506s ]
INFO: [ app_begin ] --END-- [ RunTime:0.003310s ]

[ 2016-03-25T11:21:37+08:00 ] 127.0.0.1 /admin/login/session_timeout
INFO: [ app_begin ] --START--
INFO: Run Behavior\ReadHtmlCacheBehavior [ RunTime:0.001476s ]
INFO: [ app_begin ] --END-- [ RunTime:0.002309s ]

[ 2016-03-25T11:21:47+08:00 ] 127.0.0.1 /admin/login/session_timeout
INFO: [ app_begin ] --START--
INFO: Run Behavior\ReadHtmlCacheBehavior [ RunTime:0.003307s ]
INFO: [ app_begin ] --END-- [ RunTime:0.005359s ]

[ 2016-03-25T11:21:57+08:00 ] 127.0.0.1 /admin/login/session_timeout
INFO: [ app_begin ] --START--
INFO: Run Behavior\ReadHtmlCacheBehavior [ RunTime:0.001223s ]
INFO: [ app_begin ] --END-- [ RunTime:0.002695s ]

[ 2016-03-25T11:22:08+08:00 ] 127.0.0.1 /admin/login/session_timeout
INFO: [ app_begin ] --START--
INFO: Run Behavior\ReadHtmlCacheBehavior [ RunTime:0.000623s ]
INFO: [ app_begin ] --END-- [ RunTime:0.001006s ]

[ 2016-03-25T11:22:18+08:00 ] 127.0.0.1 /admin/login/session_timeout
INFO: [ app_begin ] --START--
INFO: Run Behavior\ReadHtmlCacheBehavior [ RunTime:0.000918s ]
INFO: [ app_begin ] --END-- [ RunTime:0.001830s ]

[ 2016-03-25T11:22:28+08:00 ] 127.0.0.1 /admin/login/session_timeout
INFO: [ app_begin ] --START--
INFO: Run Behavior\ReadHtmlCacheBehavior [ RunTime:0.000749s ]
INFO: [ app_begin ] --END-- [ RunTime:0.001323s ]

[ 2016-03-25T11:22:38+08:00 ] 127.0.0.1 /admin/login/session_timeout
INFO: [ app_begin ] --START--
INFO: Run Behavior\ReadHtmlCacheBehavior [ RunTime:0.000595s ]
INFO: [ app_begin ] --END-- [ RunTime:0.000968s ]

[ 2016-03-25T11:22:48+08:00 ] 127.0.0.1 /admin/login/session_timeout
INFO: [ app_begin ] --START--
INFO: Run Behavior\ReadHtmlCacheBehavior [ RunTime:0.000635s ]
INFO: [ app_begin ] --END-- [ RunTime:0.001069s ]

[ 2016-03-25T11:22:59+08:00 ] 127.0.0.1 /admin/login/session_timeout
INFO: [ app_begin ] --START--
INFO: Run Behavior\ReadHtmlCacheBehavior [ RunTime:0.000633s ]
INFO: [ app_begin ] --END-- [ RunTime:0.001206s ]

[ 2016-03-25T11:23:11+08:00 ] 127.0.0.1 /admin/login/session_timeout
INFO: [ app_begin ] --START--
INFO: Run Behavior\ReadHtmlCacheBehavior [ RunTime:0.002235s ]
INFO: [ app_begin ] --END-- [ RunTime:0.004401s ]

[ 2016-03-25T11:23:21+08:00 ] 127.0.0.1 /admin/login/session_timeout
INFO: [ app_begin ] --START--
INFO: Run Behavior\ReadHtmlCacheBehavior [ RunTime:0.000986s ]
INFO: [ app_begin ] --END-- [ RunTime:0.001604s ]

[ 2016-03-25T11:23:31+08:00 ] 127.0.0.1 /admin/login/session_timeout
INFO: [ app_begin ] --START--
INFO: Run Behavior\ReadHtmlCacheBehavior [ RunTime:0.000619s ]
INFO: [ app_begin ] --END-- [ RunTime:0.001005s ]

[ 2016-03-25T11:23:41+08:00 ] 127.0.0.1 /admin/login/session_timeout
INFO: [ app_begin ] --START--
INFO: Run Behavior\ReadHtmlCacheBehavior [ RunTime:0.000857s ]
INFO: [ app_begin ] --END-- [ RunTime:0.001453s ]

[ 2016-03-25T11:23:51+08:00 ] 127.0.0.1 /admin/login/session_timeout
INFO: [ app_begin ] --START--
INFO: Run Behavior\ReadHtmlCacheBehavior [ RunTime:0.000847s ]
INFO: [ app_begin ] --END-- [ RunTime:0.001274s ]

[ 2016-03-25T11:24:01+08:00 ] 127.0.0.1 /admin/login/session_timeout
INFO: [ app_begin ] --START--
INFO: Run Behavior\ReadHtmlCacheBehavior [ RunTime:0.002187s ]
INFO: [ app_begin ] --END-- [ RunTime:0.003749s ]

[ 2016-03-25T11:24:12+08:00 ] 127.0.0.1 /admin/login/session_timeout
INFO: [ app_begin ] --START--
INFO: Run Behavior\ReadHtmlCacheBehavior [ RunTime:0.003376s ]
INFO: [ app_begin ] --END-- [ RunTime:0.006597s ]

[ 2016-03-25T11:24:22+08:00 ] 127.0.0.1 /admin/login/session_timeout
INFO: [ app_begin ] --START--
INFO: Run Behavior\ReadHtmlCacheBehavior [ RunTime:0.000970s ]
INFO: [ app_begin ] --END-- [ RunTime:0.001571s ]

[ 2016-03-25T11:24:32+08:00 ] 127.0.0.1 /admin/login/session_timeout
INFO: [ app_begin ] --START--
INFO: Run Behavior\ReadHtmlCacheBehavior [ RunTime:0.000599s ]
INFO: [ app_begin ] --END-- [ RunTime:0.000993s ]

[ 2016-03-25T11:24:43+08:00 ] 127.0.0.1 /admin/login/session_timeout
INFO: [ app_begin ] --START--
INFO: Run Behavior\ReadHtmlCacheBehavior [ RunTime:0.000834s ]
INFO: [ app_begin ] --END-- [ RunTime:0.001242s ]

[ 2016-03-25T11:24:53+08:00 ] 127.0.0.1 /admin/login/session_timeout
INFO: [ app_begin ] --START--
INFO: Run Behavior\ReadHtmlCacheBehavior [ RunTime:0.000416s ]
INFO: [ app_begin ] --END-- [ RunTime:0.000730s ]

[ 2016-03-25T11:25:03+08:00 ] 127.0.0.1 /admin/login/session_timeout
INFO: [ app_begin ] --START--
INFO: Run Behavior\ReadHtmlCacheBehavior [ RunTime:0.000754s ]
INFO: [ app_begin ] --END-- [ RunTime:0.001361s ]

[ 2016-03-25T11:25:14+08:00 ] 127.0.0.1 /admin/login/session_timeout
INFO: [ app_begin ] --START--
INFO: Run Behavior\ReadHtmlCacheBehavior [ RunTime:0.000421s ]
INFO: [ app_begin ] --END-- [ RunTime:0.000745s ]

[ 2016-03-25T11:25:24+08:00 ] 127.0.0.1 /admin/login/session_timeout
INFO: [ app_begin ] --START--
INFO: Run Behavior\ReadHtmlCacheBehavior [ RunTime:0.000450s ]
INFO: [ app_begin ] --END-- [ RunTime:0.000759s ]

[ 2016-03-25T11:25:49+08:00 ] 127.0.0.1 /admin/login/session_timeout
INFO: [ app_begin ] --START--
INFO: Run Behavior\ReadHtmlCacheBehavior [ RunTime:0.002040s ]
INFO: [ app_begin ] --END-- [ RunTime:0.004890s ]

[ 2016-03-25T11:26:01+08:00 ] 127.0.0.1 /admin/login/session_timeout
INFO: [ app_begin ] --START--
INFO: Run Behavior\ReadHtmlCacheBehavior [ RunTime:0.001949s ]
INFO: [ app_begin ] --END-- [ RunTime:0.003962s ]

[ 2016-03-25T11:26:12+08:00 ] 127.0.0.1 /admin/login/session_timeout
INFO: [ app_begin ] --START--
INFO: Run Behavior\ReadHtmlCacheBehavior [ RunTime:0.000761s ]
INFO: [ app_begin ] --END-- [ RunTime:0.001292s ]

[ 2016-03-25T11:26:22+08:00 ] 127.0.0.1 /admin/login/session_timeout
INFO: [ app_begin ] --START--
INFO: Run Behavior\ReadHtmlCacheBehavior [ RunTime:0.002758s ]
INFO: [ app_begin ] --END-- [ RunTime:0.004091s ]

[ 2016-03-25T11:26:32+08:00 ] 127.0.0.1 /admin/login/session_timeout
INFO: [ app_begin ] --START--
INFO: Run Behavior\ReadHtmlCacheBehavior [ RunTime:0.000644s ]
INFO: [ app_begin ] --END-- [ RunTime:0.001019s ]

[ 2016-03-25T11:26:42+08:00 ] 127.0.0.1 /admin/login/session_timeout
INFO: [ app_begin ] --START--
INFO: Run Behavior\ReadHtmlCacheBehavior [ RunTime:0.000690s ]
INFO: [ app_begin ] --END-- [ RunTime:0.001109s ]

[ 2016-03-25T11:26:52+08:00 ] 127.0.0.1 /admin/login/session_timeout
INFO: [ app_begin ] --START--
INFO: Run Behavior\ReadHtmlCacheBehavior [ RunTime:0.000590s ]
INFO: [ app_begin ] --END-- [ RunTime:0.000950s ]

[ 2016-03-25T11:27:02+08:00 ] 127.0.0.1 /admin/login/session_timeout
INFO: [ app_begin ] --START--
INFO: Run Behavior\ReadHtmlCacheBehavior [ RunTime:0.000495s ]
INFO: [ app_begin ] --END-- [ RunTime:0.000789s ]

[ 2016-03-25T11:27:19+08:00 ] 127.0.0.1 /admin/login/session_timeout
INFO: [ app_begin ] --START--
INFO: Run Behavior\ReadHtmlCacheBehavior [ RunTime:0.001846s ]
INFO: [ app_begin ] --END-- [ RunTime:0.003654s ]

[ 2016-03-25T11:27:30+08:00 ] 127.0.0.1 /admin/login/session_timeout
INFO: [ app_begin ] --START--
INFO: Run Behavior\ReadHtmlCacheBehavior [ RunTime:0.000451s ]
INFO: [ app_begin ] --END-- [ RunTime:0.000782s ]

[ 2016-03-25T11:27:40+08:00 ] 127.0.0.1 /admin/login/session_timeout
INFO: [ app_begin ] --START--
INFO: Run Behavior\ReadHtmlCacheBehavior [ RunTime:0.000494s ]
INFO: [ app_begin ] --END-- [ RunTime:0.000998s ]

[ 2016-03-25T11:27:50+08:00 ] 127.0.0.1 /admin/login/session_timeout
INFO: [ app_begin ] --START--
INFO: Run Behavior\ReadHtmlCacheBehavior [ RunTime:0.000440s ]
INFO: [ app_begin ] --END-- [ RunTime:0.000764s ]

[ 2016-03-25T11:28:00+08:00 ] 127.0.0.1 /admin/login/session_timeout
INFO: [ app_begin ] --START--
INFO: Run Behavior\ReadHtmlCacheBehavior [ RunTime:0.000524s ]
INFO: [ app_begin ] --END-- [ RunTime:0.001019s ]

[ 2016-03-25T11:28:10+08:00 ] 127.0.0.1 /admin/login/session_timeout
INFO: [ app_begin ] --START--
INFO: Run Behavior\ReadHtmlCacheBehavior [ RunTime:0.000407s ]
INFO: [ app_begin ] --END-- [ RunTime:0.000693s ]

[ 2016-03-25T11:28:20+08:00 ] 127.0.0.1 /admin/login/session_timeout
INFO: [ app_begin ] --START--
INFO: Run Behavior\ReadHtmlCacheBehavior [ RunTime:0.000411s ]
INFO: [ app_begin ] --END-- [ RunTime:0.000725s ]

[ 2016-03-25T11:28:30+08:00 ] 127.0.0.1 /admin/login/session_timeout
INFO: [ app_begin ] --START--
INFO: Run Behavior\ReadHtmlCacheBehavior [ RunTime:0.000465s ]
INFO: [ app_begin ] --END-- [ RunTime:0.000762s ]

[ 2016-03-25T11:28:40+08:00 ] 127.0.0.1 /admin/login/session_timeout
INFO: [ app_begin ] --START--
INFO: Run Behavior\ReadHtmlCacheBehavior [ RunTime:0.000431s ]
INFO: [ app_begin ] --END-- [ RunTime:0.000745s ]

[ 2016-03-25T11:28:51+08:00 ] 127.0.0.1 /admin/login/session_timeout
INFO: [ app_begin ] --START--
INFO: Run Behavior\ReadHtmlCacheBehavior [ RunTime:0.002104s ]
INFO: [ app_begin ] --END-- [ RunTime:0.003834s ]

[ 2016-03-25T11:29:01+08:00 ] 127.0.0.1 /admin/login/session_timeout
INFO: [ app_begin ] --START--
INFO: Run Behavior\ReadHtmlCacheBehavior [ RunTime:0.000844s ]
INFO: [ app_begin ] --END-- [ RunTime:0.001485s ]

[ 2016-03-25T11:29:26+08:00 ] 127.0.0.1 /admin/login/session_timeout
INFO: [ app_begin ] --START--
INFO: Run Behavior\ReadHtmlCacheBehavior [ RunTime:0.001985s ]
INFO: [ app_begin ] --END-- [ RunTime:0.003637s ]

[ 2016-03-25T11:29:46+08:00 ] 127.0.0.1 /admin/login/session_timeout
INFO: [ app_begin ] --START--
INFO: Run Behavior\ReadHtmlCacheBehavior [ RunTime:0.002447s ]
INFO: [ app_begin ] --END-- [ RunTime:0.005312s ]

[ 2016-03-25T11:29:56+08:00 ] 127.0.0.1 /admin/login/session_timeout
INFO: [ app_begin ] --START--
INFO: Run Behavior\ReadHtmlCacheBehavior [ RunTime:0.000575s ]
INFO: [ app_begin ] --END-- [ RunTime:0.000917s ]

[ 2016-03-25T11:30:07+08:00 ] 127.0.0.1 /admin/login/session_timeout
INFO: [ app_begin ] --START--
INFO: Run Behavior\ReadHtmlCacheBehavior [ RunTime:0.000682s ]
INFO: [ app_begin ] --END-- [ RunTime:0.001237s ]

[ 2016-03-25T11:30:18+08:00 ] 127.0.0.1 /admin/login/session_timeout
INFO: [ app_begin ] --START--
INFO: Run Behavior\ReadHtmlCacheBehavior [ RunTime:0.000596s ]
INFO: [ app_begin ] --END-- [ RunTime:0.000943s ]

[ 2016-03-25T11:30:29+08:00 ] 127.0.0.1 /admin/login/session_timeout
INFO: [ app_begin ] --START--
INFO: Run Behavior\ReadHtmlCacheBehavior [ RunTime:0.000589s ]
INFO: [ app_begin ] --END-- [ RunTime:0.001007s ]

[ 2016-03-25T11:30:40+08:00 ] 127.0.0.1 /admin/login/session_timeout
INFO: [ app_begin ] --START--
INFO: Run Behavior\ReadHtmlCacheBehavior [ RunTime:0.001017s ]
INFO: [ app_begin ] --END-- [ RunTime:0.001763s ]

[ 2016-03-25T11:30:50+08:00 ] 127.0.0.1 /admin/login/session_timeout
INFO: [ app_begin ] --START--
INFO: Run Behavior\ReadHtmlCacheBehavior [ RunTime:0.000736s ]
INFO: [ app_begin ] --END-- [ RunTime:0.001136s ]

[ 2016-03-25T11:31:00+08:00 ] 127.0.0.1 /admin/login/session_timeout
INFO: [ app_begin ] --START--
INFO: Run Behavior\ReadHtmlCacheBehavior [ RunTime:0.000651s ]
INFO: [ app_begin ] --END-- [ RunTime:0.001005s ]

[ 2016-03-25T11:31:26+08:00 ] 127.0.0.1 /admin/login/session_timeout
INFO: [ app_begin ] --START--
INFO: Run Behavior\ReadHtmlCacheBehavior [ RunTime:0.000609s ]
INFO: [ app_begin ] --END-- [ RunTime:0.001100s ]

[ 2016-03-25T11:31:37+08:00 ] 127.0.0.1 /admin/login/session_timeout
INFO: [ app_begin ] --START--
INFO: Run Behavior\ReadHtmlCacheBehavior [ RunTime:0.002009s ]
INFO: [ app_begin ] --END-- [ RunTime:0.003736s ]

[ 2016-03-25T11:31:48+08:00 ] 127.0.0.1 /admin/login/session_timeout
INFO: [ app_begin ] --START--
INFO: Run Behavior\ReadHtmlCacheBehavior [ RunTime:0.000410s ]
INFO: [ app_begin ] --END-- [ RunTime:0.000702s ]

[ 2016-03-25T11:31:58+08:00 ] 127.0.0.1 /admin/login/session_timeout
INFO: [ app_begin ] --START--
INFO: Run Behavior\ReadHtmlCacheBehavior [ RunTime:0.000417s ]
INFO: [ app_begin ] --END-- [ RunTime:0.000749s ]

[ 2016-03-25T11:32:09+08:00 ] 127.0.0.1 /admin/login/session_timeout
INFO: [ app_begin ] --START--
INFO: Run Behavior\ReadHtmlCacheBehavior [ RunTime:0.002986s ]
INFO: [ app_begin ] --END-- [ RunTime:0.004642s ]

[ 2016-03-25T11:32:27+08:00 ] 127.0.0.1 /admin/login/session_timeout
INFO: [ app_begin ] --START--
INFO: Run Behavior\ReadHtmlCacheBehavior [ RunTime:0.000864s ]
INFO: [ app_begin ] --END-- [ RunTime:0.001432s ]

[ 2016-03-25T11:32:37+08:00 ] 127.0.0.1 /admin/login/session_timeout
INFO: [ app_begin ] --START--
INFO: Run Behavior\ReadHtmlCacheBehavior [ RunTime:0.001786s ]
INFO: [ app_begin ] --END-- [ RunTime:0.002451s ]

[ 2016-03-25T11:33:03+08:00 ] 127.0.0.1 /admin/login/session_timeout
INFO: [ app_begin ] --START--
INFO: Run Behavior\ReadHtmlCacheBehavior [ RunTime:0.000404s ]
INFO: [ app_begin ] --END-- [ RunTime:0.000708s ]

[ 2016-03-25T11:33:14+08:00 ] 127.0.0.1 /admin/login/session_timeout
INFO: [ app_begin ] --START--
INFO: Run Behavior\ReadHtmlCacheBehavior [ RunTime:0.001902s ]
INFO: [ app_begin ] --END-- [ RunTime:0.003699s ]

[ 2016-03-25T11:33:24+08:00 ] 127.0.0.1 /admin/login/session_timeout
INFO: [ app_begin ] --START--
INFO: Run Behavior\ReadHtmlCacheBehavior [ RunTime:0.000442s ]
INFO: [ app_begin ] --END-- [ RunTime:0.000803s ]

[ 2016-03-25T11:33:35+08:00 ] 127.0.0.1 /admin/login/session_timeout
INFO: [ app_begin ] --START--
INFO: Run Behavior\ReadHtmlCacheBehavior [ RunTime:0.001721s ]
INFO: [ app_begin ] --END-- [ RunTime:0.002800s ]

[ 2016-03-25T11:33:46+08:00 ] 127.0.0.1 /admin/login/session_timeout
INFO: [ app_begin ] --START--
INFO: Run Behavior\ReadHtmlCacheBehavior [ RunTime:0.000482s ]
INFO: [ app_begin ] --END-- [ RunTime:0.000948s ]

[ 2016-03-25T11:33:56+08:00 ] 127.0.0.1 /admin/login/session_timeout
INFO: [ app_begin ] --START--
INFO: Run Behavior\ReadHtmlCacheBehavior [ RunTime:0.000803s ]
INFO: [ app_begin ] --END-- [ RunTime:0.001457s ]

[ 2016-03-25T11:34:07+08:00 ] 127.0.0.1 /admin/login/session_timeout
INFO: [ app_begin ] --START--
INFO: Run Behavior\ReadHtmlCacheBehavior [ RunTime:0.000814s ]
INFO: [ app_begin ] --END-- [ RunTime:0.001443s ]

[ 2016-03-25T11:34:17+08:00 ] 127.0.0.1 /admin/login/session_timeout
INFO: [ app_begin ] --START--
INFO: Run Behavior\ReadHtmlCacheBehavior [ RunTime:0.000421s ]
INFO: [ app_begin ] --END-- [ RunTime:0.000756s ]

[ 2016-03-25T11:34:27+08:00 ] 127.0.0.1 /admin/login/session_timeout
INFO: [ app_begin ] --START--
INFO: Run Behavior\ReadHtmlCacheBehavior [ RunTime:0.000766s ]
INFO: [ app_begin ] --END-- [ RunTime:0.001206s ]

[ 2016-03-25T11:34:37+08:00 ] 127.0.0.1 /admin/login/session_timeout
INFO: [ app_begin ] --START--
INFO: Run Behavior\ReadHtmlCacheBehavior [ RunTime:0.000488s ]
INFO: [ app_begin ] --END-- [ RunTime:0.000835s ]

[ 2016-03-25T11:34:47+08:00 ] 127.0.0.1 /admin/login/session_timeout
INFO: [ app_begin ] --START--
INFO: Run Behavior\ReadHtmlCacheBehavior [ RunTime:0.000815s ]
INFO: [ app_begin ] --END-- [ RunTime:0.001182s ]

[ 2016-03-25T11:34:57+08:00 ] 127.0.0.1 /admin/login/session_timeout
INFO: [ app_begin ] --START--
INFO: Run Behavior\ReadHtmlCacheBehavior [ RunTime:0.002208s ]
INFO: [ app_begin ] --END-- [ RunTime:0.004052s ]

[ 2016-03-25T11:35:08+08:00 ] 127.0.0.1 /admin/login/session_timeout
INFO: [ app_begin ] --START--
INFO: Run Behavior\ReadHtmlCacheBehavior [ RunTime:0.000608s ]
INFO: [ app_begin ] --END-- [ RunTime:0.000959s ]

[ 2016-03-25T11:35:21+08:00 ] 127.0.0.1 /admin/login/session_timeout
INFO: [ app_begin ] --START--
INFO: Run Behavior\ReadHtmlCacheBehavior [ RunTime:0.000680s ]
INFO: [ app_begin ] --END-- [ RunTime:0.001193s ]

[ 2016-03-25T11:35:31+08:00 ] 127.0.0.1 /admin/login/session_timeout
INFO: [ app_begin ] --START--
INFO: Run Behavior\ReadHtmlCacheBehavior [ RunTime:0.002085s ]
INFO: [ app_begin ] --END-- [ RunTime:0.003736s ]

[ 2016-03-25T11:35:41+08:00 ] 127.0.0.1 /admin/login/session_timeout
INFO: [ app_begin ] --START--
INFO: Run Behavior\ReadHtmlCacheBehavior [ RunTime:0.000591s ]
INFO: [ app_begin ] --END-- [ RunTime:0.000972s ]

[ 2016-03-25T11:35:51+08:00 ] 127.0.0.1 /admin/login/session_timeout
INFO: [ app_begin ] --START--
INFO: Run Behavior\ReadHtmlCacheBehavior [ RunTime:0.000877s ]
INFO: [ app_begin ] --END-- [ RunTime:0.001394s ]

[ 2016-03-25T11:36:01+08:00 ] 127.0.0.1 /admin/login/session_timeout
INFO: [ app_begin ] --START--
INFO: Run Behavior\ReadHtmlCacheBehavior [ RunTime:0.001038s ]
INFO: [ app_begin ] --END-- [ RunTime:0.001779s ]

[ 2016-03-25T11:36:11+08:00 ] 127.0.0.1 /admin/login/session_timeout
INFO: [ app_begin ] --START--
INFO: Run Behavior\ReadHtmlCacheBehavior [ RunTime:0.000624s ]
INFO: [ app_begin ] --END-- [ RunTime:0.000989s ]

[ 2016-03-25T11:36:21+08:00 ] 127.0.0.1 /admin/login/session_timeout
INFO: [ app_begin ] --START--
INFO: Run Behavior\ReadHtmlCacheBehavior [ RunTime:0.000611s ]
INFO: [ app_begin ] --END-- [ RunTime:0.000969s ]

[ 2016-03-25T11:36:31+08:00 ] 127.0.0.1 /admin/login/session_timeout
INFO: [ app_begin ] --START--
INFO: Run Behavior\ReadHtmlCacheBehavior [ RunTime:0.001998s ]
INFO: [ app_begin ] --END-- [ RunTime:0.003725s ]

[ 2016-03-25T11:36:41+08:00 ] 127.0.0.1 /admin/login/session_timeout
INFO: [ app_begin ] --START--
INFO: Run Behavior\ReadHtmlCacheBehavior [ RunTime:0.000843s ]
INFO: [ app_begin ] --END-- [ RunTime:0.001206s ]

[ 2016-03-25T11:36:51+08:00 ] 127.0.0.1 /admin/login/session_timeout
INFO: [ app_begin ] --START--
INFO: Run Behavior\ReadHtmlCacheBehavior [ RunTime:0.000630s ]
INFO: [ app_begin ] --END-- [ RunTime:0.001017s ]

[ 2016-03-25T11:37:01+08:00 ] 127.0.0.1 /admin/login/session_timeout
INFO: [ app_begin ] --START--
INFO: Run Behavior\ReadHtmlCacheBehavior [ RunTime:0.000631s ]
INFO: [ app_begin ] --END-- [ RunTime:0.001060s ]

[ 2016-03-25T11:37:11+08:00 ] 127.0.0.1 /admin/login/session_timeout
INFO: [ app_begin ] --START--
INFO: Run Behavior\ReadHtmlCacheBehavior [ RunTime:0.000594s ]
INFO: [ app_begin ] --END-- [ RunTime:0.000950s ]

[ 2016-03-25T11:37:21+08:00 ] 127.0.0.1 /admin/login/session_timeout
INFO: [ app_begin ] --START--
INFO: Run Behavior\ReadHtmlCacheBehavior [ RunTime:0.000657s ]
INFO: [ app_begin ] --END-- [ RunTime:0.001045s ]

[ 2016-03-25T11:37:32+08:00 ] 127.0.0.1 /admin/login/session_timeout
INFO: [ app_begin ] --START--
INFO: Run Behavior\ReadHtmlCacheBehavior [ RunTime:0.000695s ]
INFO: [ app_begin ] --END-- [ RunTime:0.001104s ]

[ 2016-03-25T11:37:42+08:00 ] 127.0.0.1 /admin/login/session_timeout
INFO: [ app_begin ] --START--
INFO: Run Behavior\ReadHtmlCacheBehavior [ RunTime:0.000743s ]
INFO: [ app_begin ] --END-- [ RunTime:0.001270s ]

[ 2016-03-25T11:37:52+08:00 ] 127.0.0.1 /admin/login/session_timeout
INFO: [ app_begin ] --START--
INFO: Run Behavior\ReadHtmlCacheBehavior [ RunTime:0.000716s ]
INFO: [ app_begin ] --END-- [ RunTime:0.001139s ]

[ 2016-03-25T11:38:03+08:00 ] 127.0.0.1 /admin/login/session_timeout
INFO: [ app_begin ] --START--
INFO: Run Behavior\ReadHtmlCacheBehavior [ RunTime:0.000659s ]
INFO: [ app_begin ] --END-- [ RunTime:0.001017s ]

[ 2016-03-25T11:38:13+08:00 ] 127.0.0.1 /admin/login/session_timeout
INFO: [ app_begin ] --START--
INFO: Run Behavior\ReadHtmlCacheBehavior [ RunTime:0.000540s ]
INFO: [ app_begin ] --END-- [ RunTime:0.000848s ]

[ 2016-03-25T11:38:23+08:00 ] 127.0.0.1 /admin/login/session_timeout
INFO: [ app_begin ] --START--
INFO: Run Behavior\ReadHtmlCacheBehavior [ RunTime:0.000437s ]
INFO: [ app_begin ] --END-- [ RunTime:0.000731s ]

[ 2016-03-25T11:38:33+08:00 ] 127.0.0.1 /admin/login/session_timeout
INFO: [ app_begin ] --START--
INFO: Run Behavior\ReadHtmlCacheBehavior [ RunTime:0.000557s ]
INFO: [ app_begin ] --END-- [ RunTime:0.001005s ]

[ 2016-03-25T11:38:43+08:00 ] 127.0.0.1 /admin/login/session_timeout
INFO: [ app_begin ] --START--
INFO: Run Behavior\ReadHtmlCacheBehavior [ RunTime:0.000517s ]
INFO: [ app_begin ] --END-- [ RunTime:0.000948s ]

[ 2016-03-25T11:38:53+08:00 ] 127.0.0.1 /admin/login/session_timeout
INFO: [ app_begin ] --START--
INFO: Run Behavior\ReadHtmlCacheBehavior [ RunTime:0.000447s ]
INFO: [ app_begin ] --END-- [ RunTime:0.000758s ]

[ 2016-03-25T11:39:11+08:00 ] 127.0.0.1 /admin/login/session_timeout
INFO: [ app_begin ] --START--
INFO: Run Behavior\ReadHtmlCacheBehavior [ RunTime:0.000405s ]
INFO: [ app_begin ] --END-- [ RunTime:0.000700s ]

[ 2016-03-25T11:39:22+08:00 ] 127.0.0.1 /admin/login/session_timeout
INFO: [ app_begin ] --START--
INFO: Run Behavior\ReadHtmlCacheBehavior [ RunTime:0.000411s ]
INFO: [ app_begin ] --END-- [ RunTime:0.000760s ]

[ 2016-03-25T11:39:35+08:00 ] 127.0.0.1 /admin/login/session_timeout
INFO: [ app_begin ] --START--
INFO: Run Behavior\ReadHtmlCacheBehavior [ RunTime:0.000419s ]
INFO: [ app_begin ] --END-- [ RunTime:0.000722s ]

[ 2016-03-25T11:39:46+08:00 ] 127.0.0.1 /admin/login/session_timeout
INFO: [ app_begin ] --START--
INFO: Run Behavior\ReadHtmlCacheBehavior [ RunTime:0.000653s ]
INFO: [ app_begin ] --END-- [ RunTime:0.001017s ]

[ 2016-03-25T11:39:57+08:00 ] 127.0.0.1 /admin/login/session_timeout
INFO: [ app_begin ] --START--
INFO: Run Behavior\ReadHtmlCacheBehavior [ RunTime:0.000484s ]
INFO: [ app_begin ] --END-- [ RunTime:0.000945s ]

[ 2016-03-25T11:40:10+08:00 ] 127.0.0.1 /admin/login/session_timeout
INFO: [ app_begin ] --START--
INFO: Run Behavior\ReadHtmlCacheBehavior [ RunTime:0.000406s ]
INFO: [ app_begin ] --END-- [ RunTime:0.000700s ]

[ 2016-03-25T11:40:21+08:00 ] 127.0.0.1 /admin/login/session_timeout
INFO: [ app_begin ] --START--
INFO: Run Behavior\ReadHtmlCacheBehavior [ RunTime:0.000489s ]
INFO: [ app_begin ] --END-- [ RunTime:0.000790s ]

[ 2016-03-25T11:40:38+08:00 ] 127.0.0.1 /admin/login/session_timeout
INFO: [ app_begin ] --START--
INFO: Run Behavior\ReadHtmlCacheBehavior [ RunTime:0.000407s ]
INFO: [ app_begin ] --END-- [ RunTime:0.000709s ]

[ 2016-03-25T11:40:49+08:00 ] 127.0.0.1 /admin/login/session_timeout
INFO: [ app_begin ] --START--
INFO: Run Behavior\ReadHtmlCacheBehavior [ RunTime:0.000632s ]
INFO: [ app_begin ] --END-- [ RunTime:0.001007s ]

[ 2016-03-25T11:40:59+08:00 ] 127.0.0.1 /admin/login/session_timeout
INFO: [ app_begin ] --START--
INFO: Run Behavior\ReadHtmlCacheBehavior [ RunTime:0.000406s ]
INFO: [ app_begin ] --END-- [ RunTime:0.000696s ]

[ 2016-03-25T11:41:09+08:00 ] 127.0.0.1 /admin/login/session_timeout
INFO: [ app_begin ] --START--
INFO: Run Behavior\ReadHtmlCacheBehavior [ RunTime:0.000498s ]
INFO: [ app_begin ] --END-- [ RunTime:0.000797s ]

[ 2016-03-25T11:41:19+08:00 ] 127.0.0.1 /admin/login/session_timeout
INFO: [ app_begin ] --START--
INFO: Run Behavior\ReadHtmlCacheBehavior [ RunTime:0.000452s ]
INFO: [ app_begin ] --END-- [ RunTime:0.000908s ]

[ 2016-03-25T11:41:29+08:00 ] 127.0.0.1 /admin/login/session_timeout
INFO: [ app_begin ] --START--
INFO: Run Behavior\ReadHtmlCacheBehavior [ RunTime:0.000887s ]
INFO: [ app_begin ] --END-- [ RunTime:0.001378s ]

[ 2016-03-25T11:41:41+08:00 ] 127.0.0.1 /admin/login/session_timeout
INFO: [ app_begin ] --START--
INFO: Run Behavior\ReadHtmlCacheBehavior [ RunTime:0.000838s ]
INFO: [ app_begin ] --END-- [ RunTime:0.001190s ]

[ 2016-03-25T11:41:52+08:00 ] 127.0.0.1 /admin/login/session_timeout
INFO: [ app_begin ] --START--
INFO: Run Behavior\ReadHtmlCacheBehavior [ RunTime:0.000821s ]
INFO: [ app_begin ] --END-- [ RunTime:0.001467s ]

[ 2016-03-25T11:42:03+08:00 ] 127.0.0.1 /admin/login/session_timeout
INFO: [ app_begin ] --START--
INFO: Run Behavior\ReadHtmlCacheBehavior [ RunTime:0.000447s ]
INFO: [ app_begin ] --END-- [ RunTime:0.000757s ]

[ 2016-03-25T11:42:13+08:00 ] 127.0.0.1 /admin/login/session_timeout
INFO: [ app_begin ] --START--
INFO: Run Behavior\ReadHtmlCacheBehavior [ RunTime:0.000735s ]
INFO: [ app_begin ] --END-- [ RunTime:0.001522s ]

[ 2016-03-25T11:42:24+08:00 ] 127.0.0.1 /admin/login/session_timeout
INFO: [ app_begin ] --START--
INFO: Run Behavior\ReadHtmlCacheBehavior [ RunTime:0.000407s ]
INFO: [ app_begin ] --END-- [ RunTime:0.000702s ]

[ 2016-03-25T11:42:34+08:00 ] 127.0.0.1 /admin/login/session_timeout
INFO: [ app_begin ] --START--
INFO: Run Behavior\ReadHtmlCacheBehavior [ RunTime:0.000419s ]
INFO: [ app_begin ] --END-- [ RunTime:0.000751s ]

[ 2016-03-25T11:42:44+08:00 ] 127.0.0.1 /admin/login/session_timeout
INFO: [ app_begin ] --START--
INFO: Run Behavior\ReadHtmlCacheBehavior [ RunTime:0.000493s ]
INFO: [ app_begin ] --END-- [ RunTime:0.000867s ]

[ 2016-03-25T11:42:54+08:00 ] 127.0.0.1 /admin/login/session_timeout
INFO: [ app_begin ] --START--
INFO: Run Behavior\ReadHtmlCacheBehavior [ RunTime:0.000407s ]
INFO: [ app_begin ] --END-- [ RunTime:0.000705s ]

[ 2016-03-25T11:43:04+08:00 ] 127.0.0.1 /admin/login/session_timeout
INFO: [ app_begin ] --START--
INFO: Run Behavior\ReadHtmlCacheBehavior [ RunTime:0.000435s ]
INFO: [ app_begin ] --END-- [ RunTime:0.000734s ]

[ 2016-03-25T11:43:14+08:00 ] 127.0.0.1 /admin/login/session_timeout
INFO: [ app_begin ] --START--
INFO: Run Behavior\ReadHtmlCacheBehavior [ RunTime:0.000673s ]
INFO: [ app_begin ] --END-- [ RunTime:0.001026s ]

[ 2016-03-25T11:43:24+08:00 ] 127.0.0.1 /admin/login/session_timeout
INFO: [ app_begin ] --START--
INFO: Run Behavior\ReadHtmlCacheBehavior [ RunTime:0.000421s ]
INFO: [ app_begin ] --END-- [ RunTime:0.000730s ]

[ 2016-03-25T11:43:34+08:00 ] 127.0.0.1 /admin/login/session_timeout
INFO: [ app_begin ] --START--
INFO: Run Behavior\ReadHtmlCacheBehavior [ RunTime:0.000412s ]
INFO: [ app_begin ] --END-- [ RunTime:0.000758s ]

[ 2016-03-25T11:43:44+08:00 ] 127.0.0.1 /admin/login/session_timeout
INFO: [ app_begin ] --START--
INFO: Run Behavior\ReadHtmlCacheBehavior [ RunTime:0.000431s ]
INFO: [ app_begin ] --END-- [ RunTime:0.000837s ]

[ 2016-03-25T11:43:54+08:00 ] 127.0.0.1 /admin/login/session_timeout
INFO: [ app_begin ] --START--
INFO: Run Behavior\ReadHtmlCacheBehavior [ RunTime:0.000578s ]
INFO: [ app_begin ] --END-- [ RunTime:0.000976s ]

[ 2016-03-25T11:44:04+08:00 ] 127.0.0.1 /admin/login/session_timeout
INFO: [ app_begin ] --START--
INFO: Run Behavior\ReadHtmlCacheBehavior [ RunTime:0.000524s ]
INFO: [ app_begin ] --END-- [ RunTime:0.000829s ]

[ 2016-03-25T11:44:14+08:00 ] 127.0.0.1 /admin/login/session_timeout
INFO: [ app_begin ] --START--
INFO: Run Behavior\ReadHtmlCacheBehavior [ RunTime:0.000510s ]
INFO: [ app_begin ] --END-- [ RunTime:0.000832s ]

[ 2016-03-25T11:44:24+08:00 ] 127.0.0.1 /admin/login/session_timeout
INFO: [ app_begin ] --START--
INFO: Run Behavior\ReadHtmlCacheBehavior [ RunTime:0.000409s ]
INFO: [ app_begin ] --END-- [ RunTime:0.000712s ]

[ 2016-03-25T11:44:34+08:00 ] 127.0.0.1 /admin/login/session_timeout
INFO: [ app_begin ] --START--
INFO: Run Behavior\ReadHtmlCacheBehavior [ RunTime:0.000420s ]
INFO: [ app_begin ] --END-- [ RunTime:0.000712s ]

[ 2016-03-25T11:44:46+08:00 ] 127.0.0.1 /admin/login/session_timeout
INFO: [ app_begin ] --START--
INFO: Run Behavior\ReadHtmlCacheBehavior [ RunTime:0.000422s ]
INFO: [ app_begin ] --END-- [ RunTime:0.000732s ]

[ 2016-03-25T11:44:56+08:00 ] 127.0.0.1 /admin/login/session_timeout
INFO: [ app_begin ] --START--
INFO: Run Behavior\ReadHtmlCacheBehavior [ RunTime:0.000446s ]
INFO: [ app_begin ] --END-- [ RunTime:0.000893s ]

[ 2016-03-25T11:45:06+08:00 ] 127.0.0.1 /admin/login/session_timeout
INFO: [ app_begin ] --START--
INFO: Run Behavior\ReadHtmlCacheBehavior [ RunTime:0.000420s ]
INFO: [ app_begin ] --END-- [ RunTime:0.000724s ]

[ 2016-03-25T11:45:16+08:00 ] 127.0.0.1 /admin/login/session_timeout
INFO: [ app_begin ] --START--
INFO: Run Behavior\ReadHtmlCacheBehavior [ RunTime:0.000653s ]
INFO: [ app_begin ] --END-- [ RunTime:0.001516s ]

[ 2016-03-25T11:45:26+08:00 ] 127.0.0.1 /admin/login/session_timeout
INFO: [ app_begin ] --START--
INFO: Run Behavior\ReadHtmlCacheBehavior [ RunTime:0.000548s ]
INFO: [ app_begin ] --END-- [ RunTime:0.001121s ]

[ 2016-03-25T11:45:36+08:00 ] 127.0.0.1 /admin/login/session_timeout
INFO: [ app_begin ] --START--
INFO: Run Behavior\ReadHtmlCacheBehavior [ RunTime:0.000408s ]
INFO: [ app_begin ] --END-- [ RunTime:0.000705s ]

[ 2016-03-25T11:46:02+08:00 ] 127.0.0.1 /admin/login/session_timeout
INFO: [ app_begin ] --START--
INFO: Run Behavior\ReadHtmlCacheBehavior [ RunTime:0.000447s ]
INFO: [ app_begin ] --END-- [ RunTime:0.000836s ]

[ 2016-03-25T11:46:13+08:00 ] 127.0.0.1 /admin/login/session_timeout
INFO: [ app_begin ] --START--
INFO: Run Behavior\ReadHtmlCacheBehavior [ RunTime:0.000583s ]
INFO: [ app_begin ] --END-- [ RunTime:0.000965s ]

[ 2016-03-25T11:46:34+08:00 ] 127.0.0.1 /admin/login/session_timeout
INFO: [ app_begin ] --START--
INFO: Run Behavior\ReadHtmlCacheBehavior [ RunTime:0.002224s ]
INFO: [ app_begin ] --END-- [ RunTime:0.004134s ]

[ 2016-03-25T11:46:44+08:00 ] 127.0.0.1 /admin/login/session_timeout
INFO: [ app_begin ] --START--
INFO: Run Behavior\ReadHtmlCacheBehavior [ RunTime:0.000570s ]
INFO: [ app_begin ] --END-- [ RunTime:0.000917s ]

[ 2016-03-25T12:40:51+08:00 ] 127.0.0.1 /admin/login/session_timeout
INFO: [ app_begin ] --START--
INFO: Run Behavior\ReadHtmlCacheBehavior [ RunTime:0.000830s ]
INFO: [ app_begin ] --END-- [ RunTime:0.001437s ]

