[ 2016-03-16T11:22:47+08:00 ] 127.0.0.1 /admin/login/index
INFO: [ app_begin ] --START--
INFO: Run Behavior\ReadHtmlCacheBehavior [ RunTime:0.001073s ]
INFO: [ app_begin ] --END-- [ RunTime:0.001772s ]
SQL: SHOW COLUMNS FROM `think_user` [ RunTime:0.0088s ]
NOTIC: [8] Undefined index: validate /Users/link/WWW/thinkphp-easyui/ThinkPHP/Library/Think/Model.class.php 第 1185 行.
SQL: SHOW COLUMNS FROM `think_user` [ RunTime:0.0022s ]
SQL: SELECT * FROM `think_user` WHERE `name` = 'admin' LIMIT 1   [ RunTime:0.0014s ]
SQL: SELECT * FROM `think_user` WHERE `name` = 'admin' AND `pass` = 'e10adc3949ba59abbe56e057f20f883e' LIMIT 1   [ RunTime:0.0004s ]
NOTIC: [8] Undefined index: auto /Users/link/WWW/thinkphp-easyui/ThinkPHP/Library/Think/Model.class.php 第 1128 行.
SQL: SHOW COLUMNS FROM `think_login_log` [ RunTime:0.0026s ]
SQL: INSERT INTO `think_login_log` (`uid`,`ip`,`date`,`area`,`country`,`user_agent`) VALUES ('1','127.0.0.1','2016-03-16 11:22:47','对方在服务器本地登录','本机地址','Mozilla/5.0 (Macintosh; Intel Mac OS X 10_11_3) AppleWebKit/537.36 (KHTML, like Gecko) Chrome/46.0.2490.86 Safari/537.36') [ RunTime:0.0032s ]
SQL: SHOW COLUMNS FROM `think_auth_group_access` [ RunTime:0.0021s ]
SQL: SHOW COLUMNS FROM `think_auth_group` [ RunTime:0.0031s ]
SQL: SELECT User.uid AS uid,AuthGroupAccess.group_id AS group_id,AuthGroup.status AS status FROM think_user User  JOIN think_auth_group_access AuthGroupAccess ON User.uid=AuthGroupAccess.uid  JOIN think_auth_group AuthGroup ON AuthGroup.id=AuthGroupAccess.group_id WHERE ( User.uid = 1 )  [ RunTime:0.0038s ]
SQL: SELECT * FROM `think_user` WHERE `uid` = 1 LIMIT 1   [ RunTime:0.0002s ]
SQL: SELECT * FROM `think_user` WHERE `uid` = 1 LIMIT 1   [ RunTime:0.0002s ]

[ 2016-03-16T11:22:48+08:00 ] 127.0.0.1 /admin/index/main?_=1458098567536
INFO: [ app_begin ] --START--
INFO: Run Behavior\ReadHtmlCacheBehavior [ RunTime:0.000866s ]
INFO: [ app_begin ] --END-- [ RunTime:0.001403s ]
SQL: SHOW COLUMNS FROM `think_panel` [ RunTime:0.0023s ]
SQL: SELECT * FROM `think_panel` WHERE `id` = 1 LIMIT 1   [ RunTime:0.0005s ]
SQL: SELECT * FROM `think_panel` WHERE `id` = 2 LIMIT 1   [ RunTime:0.0013s ]
SQL: SELECT * FROM `think_panel` WHERE `id` = 3 LIMIT 1   [ RunTime:0.0003s ]
SQL: SELECT * FROM `think_panel` WHERE `id` = 4 LIMIT 1   [ RunTime:0.0002s ]
SQL: SHOW COLUMNS FROM `think_user` [ RunTime:0.0032s ]
SQL: SELECT * FROM `think_user` WHERE `uid` = 1 LIMIT 1   [ RunTime:0.0003s ]
SQL: SHOW COLUMNS FROM `think_auth_group` [ RunTime:0.0022s ]
NOTIC: [8] Undefined index: mapping_order /Users/link/WWW/thinkphp-easyui/ThinkPHP/Library/Think/Model/RelationModel.class.php 第 186 行.
NOTIC: [8] Undefined index: mapping_limit /Users/link/WWW/thinkphp-easyui/ThinkPHP/Library/Think/Model/RelationModel.class.php 第 187 行.
SQL: SELECT b.* FROM think_auth_group_access AS a, think_auth_group AS b WHERE a.group_id = b.id AND a. uid='1' [ RunTime:0.0004s ]
SQL: SHOW COLUMNS FROM `think_branch` [ RunTime:0.0022s ]
SQL: SELECT * FROM `think_branch` WHERE ( 1=1 AND id='1' ) LIMIT 1   [ RunTime:0.0011s ]
SQL: SHOW COLUMNS FROM `think_job` [ RunTime:0.0022s ]
SQL: SELECT * FROM `think_job` WHERE ( 1=1 AND id='1' ) LIMIT 1   [ RunTime:0.0016s ]
SQL: SHOW COLUMNS FROM `think_login_log` [ RunTime:0.0025s ]
SQL: SELECT * FROM `think_login_log` WHERE `uid` = 1 ORDER BY id desc LIMIT 1   [ RunTime:0.0004s ]
SQL: SELECT * FROM `think_login_log` WHERE `uid` = 1 ORDER BY id desc LIMIT 5   [ RunTime:0.0004s ]
INFO: [ view_parse ] --START--
INFO: [ template_filter ] --START--
INFO: Run Behavior\ContentReplaceBehavior [ RunTime:0.000130s ]
INFO: [ template_filter ] --END-- [ RunTime:0.000254s ]
INFO: Run Behavior\ParseTemplateBehavior [ RunTime:0.014481s ]
INFO: [ view_parse ] --END-- [ RunTime:0.014617s ]
INFO: [ view_filter ] --START--
INFO: Run Behavior\WriteHtmlCacheBehavior [ RunTime:0.000369s ]
INFO: [ view_filter ] --END-- [ RunTime:0.000500s ]
INFO: [ app_end ] --START--
INFO: Run Behavior\ShowPageTraceBehavior [ RunTime:0.001142s ]
INFO: [ app_end ] --END-- [ RunTime:0.001283s ]

[ 2016-03-16T11:22:48+08:00 ] 127.0.0.1 /admin/index/getleftmenu/id/1
INFO: [ app_begin ] --START--
INFO: Run Behavior\ReadHtmlCacheBehavior [ RunTime:0.001001s ]
INFO: [ app_begin ] --END-- [ RunTime:0.001680s ]
SQL: SHOW COLUMNS FROM `think_auth_rule` [ RunTime:0.0025s ]
SQL: SELECT `id` FROM `think_auth_rule`  [ RunTime:0.0004s ]
SQL: SELECT `id`,title as text,`cls` FROM `think_auth_rule` WHERE `rule_id` = 1 AND `display` = 1 AND `id` IN ('1','2','3','4','5','6','7','8','9','10','11','12','13','14','15','16','17','18','19','20','21','22','23','24','25','26','27','28','29','30','47','48','49','50','51','52','53','54','55','56','57','58','59','60','61','62','63','64','65','66','67','68','69','70','71','72','74','75','76','77','78','79','83','84','85','114','115','116','117') ORDER BY sort asc  [ RunTime:0.0024s ]
SQL: SELECT `id`,title as text,`cls`,name as url FROM `think_auth_rule` WHERE `rule_id` = 4 AND `display` = 1 AND `id` IN ('1','2','3','4','5','6','7','8','9','10','11','12','13','14','15','16','17','18','19','20','21','22','23','24','25','26','27','28','29','30','47','48','49','50','51','52','53','54','55','56','57','58','59','60','61','62','63','64','65','66','67','68','69','70','71','72','74','75','76','77','78','79','83','84','85','114','115','116','117') ORDER BY sort asc  [ RunTime:0.0007s ]

[ 2016-03-16T11:22:49+08:00 ] 127.0.0.1 /admin/index/main?_=1458098569572
INFO: [ app_begin ] --START--
INFO: Run Behavior\ReadHtmlCacheBehavior [ RunTime:0.001287s ]
INFO: [ app_begin ] --END-- [ RunTime:0.002089s ]
SQL: SHOW COLUMNS FROM `think_panel` [ RunTime:0.0022s ]
SQL: SELECT * FROM `think_panel` WHERE `id` = 1 LIMIT 1   [ RunTime:0.0003s ]
SQL: SELECT * FROM `think_panel` WHERE `id` = 2 LIMIT 1   [ RunTime:0.0003s ]
SQL: SELECT * FROM `think_panel` WHERE `id` = 3 LIMIT 1   [ RunTime:0.0003s ]
SQL: SELECT * FROM `think_panel` WHERE `id` = 4 LIMIT 1   [ RunTime:0.0002s ]
SQL: SHOW COLUMNS FROM `think_user` [ RunTime:0.0035s ]
SQL: SELECT * FROM `think_user` WHERE `uid` = 1 LIMIT 1   [ RunTime:0.0003s ]
SQL: SHOW COLUMNS FROM `think_auth_group` [ RunTime:0.0024s ]
NOTIC: [8] Undefined index: mapping_order /Users/link/WWW/thinkphp-easyui/ThinkPHP/Library/Think/Model/RelationModel.class.php 第 186 行.
NOTIC: [8] Undefined index: mapping_limit /Users/link/WWW/thinkphp-easyui/ThinkPHP/Library/Think/Model/RelationModel.class.php 第 187 行.
SQL: SELECT b.* FROM think_auth_group_access AS a, think_auth_group AS b WHERE a.group_id = b.id AND a. uid='1' [ RunTime:0.0004s ]
SQL: SHOW COLUMNS FROM `think_branch` [ RunTime:0.0024s ]
SQL: SELECT * FROM `think_branch` WHERE ( 1=1 AND id='1' ) LIMIT 1   [ RunTime:0.0003s ]
SQL: SHOW COLUMNS FROM `think_job` [ RunTime:0.0021s ]
SQL: SELECT * FROM `think_job` WHERE ( 1=1 AND id='1' ) LIMIT 1   [ RunTime:0.0003s ]
SQL: SHOW COLUMNS FROM `think_login_log` [ RunTime:0.0032s ]
SQL: SELECT * FROM `think_login_log` WHERE `uid` = 1 ORDER BY id desc LIMIT 1   [ RunTime:0.0003s ]
SQL: SELECT * FROM `think_login_log` WHERE `uid` = 1 ORDER BY id desc LIMIT 5   [ RunTime:0.0003s ]
INFO: [ view_parse ] --START--
INFO: [ template_filter ] --START--
INFO: Run Behavior\ContentReplaceBehavior [ RunTime:0.000112s ]
INFO: [ template_filter ] --END-- [ RunTime:0.000222s ]
INFO: Run Behavior\ParseTemplateBehavior [ RunTime:0.012611s ]
INFO: [ view_parse ] --END-- [ RunTime:0.012729s ]
INFO: [ view_filter ] --START--
INFO: Run Behavior\WriteHtmlCacheBehavior [ RunTime:0.000302s ]
INFO: [ view_filter ] --END-- [ RunTime:0.000404s ]
INFO: [ app_end ] --START--
INFO: Run Behavior\ShowPageTraceBehavior [ RunTime:0.000901s ]
INFO: [ app_end ] --END-- [ RunTime:0.001011s ]

[ 2016-03-16T11:22:49+08:00 ] 127.0.0.1 /admin/index/getleftmenu/id/1
INFO: [ app_begin ] --START--
INFO: Run Behavior\ReadHtmlCacheBehavior [ RunTime:0.000887s ]
INFO: [ app_begin ] --END-- [ RunTime:0.001704s ]
SQL: SHOW COLUMNS FROM `think_auth_rule` [ RunTime:0.0043s ]
SQL: SELECT `id` FROM `think_auth_rule`  [ RunTime:0.0003s ]
SQL: SELECT `id`,title as text,`cls` FROM `think_auth_rule` WHERE `rule_id` = 1 AND `display` = 1 AND `id` IN ('1','2','3','4','5','6','7','8','9','10','11','12','13','14','15','16','17','18','19','20','21','22','23','24','25','26','27','28','29','30','47','48','49','50','51','52','53','54','55','56','57','58','59','60','61','62','63','64','65','66','67','68','69','70','71','72','74','75','76','77','78','79','83','84','85','114','115','116','117') ORDER BY sort asc  [ RunTime:0.0007s ]
SQL: SELECT `id`,title as text,`cls`,name as url FROM `think_auth_rule` WHERE `rule_id` = 4 AND `display` = 1 AND `id` IN ('1','2','3','4','5','6','7','8','9','10','11','12','13','14','15','16','17','18','19','20','21','22','23','24','25','26','27','28','29','30','47','48','49','50','51','52','53','54','55','56','57','58','59','60','61','62','63','64','65','66','67','68','69','70','71','72','74','75','76','77','78','79','83','84','85','114','115','116','117') ORDER BY sort asc  [ RunTime:0.0006s ]

[ 2016-03-16T11:22:50+08:00 ] 127.0.0.1 /admin/index/getleftmenu/id/2
INFO: [ app_begin ] --START--
INFO: Run Behavior\ReadHtmlCacheBehavior [ RunTime:0.000426s ]
INFO: [ app_begin ] --END-- [ RunTime:0.000745s ]
SQL: SHOW COLUMNS FROM `think_auth_rule` [ RunTime:0.0027s ]
SQL: SELECT `id` FROM `think_auth_rule`  [ RunTime:0.0004s ]
SQL: SELECT `id`,title as text,`cls` FROM `think_auth_rule` WHERE `rule_id` = 2 AND `display` = 1 AND `id` IN ('1','2','3','4','5','6','7','8','9','10','11','12','13','14','15','16','17','18','19','20','21','22','23','24','25','26','27','28','29','30','47','48','49','50','51','52','53','54','55','56','57','58','59','60','61','62','63','64','65','66','67','68','69','70','71','72','74','75','76','77','78','79','83','84','85','114','115','116','117') ORDER BY sort asc  [ RunTime:0.0003s ]
SQL: SELECT `id`,title as text,`cls`,name as url FROM `think_auth_rule` WHERE `rule_id` = 8 AND `display` = 1 AND `id` IN ('1','2','3','4','5','6','7','8','9','10','11','12','13','14','15','16','17','18','19','20','21','22','23','24','25','26','27','28','29','30','47','48','49','50','51','52','53','54','55','56','57','58','59','60','61','62','63','64','65','66','67','68','69','70','71','72','74','75','76','77','78','79','83','84','85','114','115','116','117') ORDER BY sort asc  [ RunTime:0.0003s ]
SQL: SELECT `id`,title as text,`cls`,name as url FROM `think_auth_rule` WHERE `rule_id` = 19 AND `display` = 1 AND `id` IN ('1','2','3','4','5','6','7','8','9','10','11','12','13','14','15','16','17','18','19','20','21','22','23','24','25','26','27','28','29','30','47','48','49','50','51','52','53','54','55','56','57','58','59','60','61','62','63','64','65','66','67','68','69','70','71','72','74','75','76','77','78','79','83','84','85','114','115','116','117') ORDER BY sort asc  [ RunTime:0.0003s ]
SQL: SELECT `id`,title as text,`cls`,name as url FROM `think_auth_rule` WHERE `rule_id` = 53 AND `display` = 1 AND `id` IN ('1','2','3','4','5','6','7','8','9','10','11','12','13','14','15','16','17','18','19','20','21','22','23','24','25','26','27','28','29','30','47','48','49','50','51','52','53','54','55','56','57','58','59','60','61','62','63','64','65','66','67','68','69','70','71','72','74','75','76','77','78','79','83','84','85','114','115','116','117') ORDER BY sort asc  [ RunTime:0.0003s ]
SQL: SELECT `id`,title as text,`cls`,name as url FROM `think_auth_rule` WHERE `rule_id` = 62 AND `display` = 1 AND `id` IN ('1','2','3','4','5','6','7','8','9','10','11','12','13','14','15','16','17','18','19','20','21','22','23','24','25','26','27','28','29','30','47','48','49','50','51','52','53','54','55','56','57','58','59','60','61','62','63','64','65','66','67','68','69','70','71','72','74','75','76','77','78','79','83','84','85','114','115','116','117') ORDER BY sort asc  [ RunTime:0.0003s ]

[ 2016-03-16T11:22:51+08:00 ] 127.0.0.1 /admin/index/getleftmenu/id/3
INFO: [ app_begin ] --START--
INFO: Run Behavior\ReadHtmlCacheBehavior [ RunTime:0.000418s ]
INFO: [ app_begin ] --END-- [ RunTime:0.000730s ]
SQL: SHOW COLUMNS FROM `think_auth_rule` [ RunTime:0.0020s ]
SQL: SELECT `id` FROM `think_auth_rule`  [ RunTime:0.0004s ]
SQL: SELECT `id`,title as text,`cls` FROM `think_auth_rule` WHERE `rule_id` = 3 AND `display` = 1 AND `id` IN ('1','2','3','4','5','6','7','8','9','10','11','12','13','14','15','16','17','18','19','20','21','22','23','24','25','26','27','28','29','30','47','48','49','50','51','52','53','54','55','56','57','58','59','60','61','62','63','64','65','66','67','68','69','70','71','72','74','75','76','77','78','79','83','84','85','114','115','116','117') ORDER BY sort asc  [ RunTime:0.0009s ]
SQL: SELECT `id`,title as text,`cls`,name as url FROM `think_auth_rule` WHERE `rule_id` = 85 AND `display` = 1 AND `id` IN ('1','2','3','4','5','6','7','8','9','10','11','12','13','14','15','16','17','18','19','20','21','22','23','24','25','26','27','28','29','30','47','48','49','50','51','52','53','54','55','56','57','58','59','60','61','62','63','64','65','66','67','68','69','70','71','72','74','75','76','77','78','79','83','84','85','114','115','116','117') ORDER BY sort asc  [ RunTime:0.0004s ]

[ 2016-03-16T11:22:52+08:00 ] 127.0.0.1 /admin/index/getleftmenu/id/2
INFO: [ app_begin ] --START--
INFO: Run Behavior\ReadHtmlCacheBehavior [ RunTime:0.000781s ]
INFO: [ app_begin ] --END-- [ RunTime:0.001270s ]
SQL: SHOW COLUMNS FROM `think_auth_rule` [ RunTime:0.0016s ]
SQL: SELECT `id` FROM `think_auth_rule`  [ RunTime:0.0003s ]
SQL: SELECT `id`,title as text,`cls` FROM `think_auth_rule` WHERE `rule_id` = 2 AND `display` = 1 AND `id` IN ('1','2','3','4','5','6','7','8','9','10','11','12','13','14','15','16','17','18','19','20','21','22','23','24','25','26','27','28','29','30','47','48','49','50','51','52','53','54','55','56','57','58','59','60','61','62','63','64','65','66','67','68','69','70','71','72','74','75','76','77','78','79','83','84','85','114','115','116','117') ORDER BY sort asc  [ RunTime:0.0004s ]
SQL: SELECT `id`,title as text,`cls`,name as url FROM `think_auth_rule` WHERE `rule_id` = 8 AND `display` = 1 AND `id` IN ('1','2','3','4','5','6','7','8','9','10','11','12','13','14','15','16','17','18','19','20','21','22','23','24','25','26','27','28','29','30','47','48','49','50','51','52','53','54','55','56','57','58','59','60','61','62','63','64','65','66','67','68','69','70','71','72','74','75','76','77','78','79','83','84','85','114','115','116','117') ORDER BY sort asc  [ RunTime:0.0003s ]
SQL: SELECT `id`,title as text,`cls`,name as url FROM `think_auth_rule` WHERE `rule_id` = 19 AND `display` = 1 AND `id` IN ('1','2','3','4','5','6','7','8','9','10','11','12','13','14','15','16','17','18','19','20','21','22','23','24','25','26','27','28','29','30','47','48','49','50','51','52','53','54','55','56','57','58','59','60','61','62','63','64','65','66','67','68','69','70','71','72','74','75','76','77','78','79','83','84','85','114','115','116','117') ORDER BY sort asc  [ RunTime:0.0003s ]
SQL: SELECT `id`,title as text,`cls`,name as url FROM `think_auth_rule` WHERE `rule_id` = 53 AND `display` = 1 AND `id` IN ('1','2','3','4','5','6','7','8','9','10','11','12','13','14','15','16','17','18','19','20','21','22','23','24','25','26','27','28','29','30','47','48','49','50','51','52','53','54','55','56','57','58','59','60','61','62','63','64','65','66','67','68','69','70','71','72','74','75','76','77','78','79','83','84','85','114','115','116','117') ORDER BY sort asc  [ RunTime:0.0003s ]
SQL: SELECT `id`,title as text,`cls`,name as url FROM `think_auth_rule` WHERE `rule_id` = 62 AND `display` = 1 AND `id` IN ('1','2','3','4','5','6','7','8','9','10','11','12','13','14','15','16','17','18','19','20','21','22','23','24','25','26','27','28','29','30','47','48','49','50','51','52','53','54','55','56','57','58','59','60','61','62','63','64','65','66','67','68','69','70','71','72','74','75','76','77','78','79','83','84','85','114','115','116','117') ORDER BY sort asc  [ RunTime:0.0006s ]

[ 2016-03-16T11:22:54+08:00 ] 127.0.0.1 /admin/Db/index?_=1458098569573
INFO: [ app_begin ] --START--
INFO: Run Behavior\ReadHtmlCacheBehavior [ RunTime:0.000432s ]
INFO: [ app_begin ] --END-- [ RunTime:0.000845s ]
SQL: SHOW COLUMNS FROM `think_auth_rule` [ RunTime:0.0033s ]
SQL: SELECT * FROM `think_auth_rule` WHERE `name` = 'Db/index' LIMIT 1   [ RunTime:0.0002s ]
SQL: SHOW COLUMNS FROM `think_behavior_log` [ RunTime:0.0021s ]
SQL: INSERT INTO `think_behavior_log` (`uid`,`ip`,`date`,`area`,`country`,`user_agent`,`controller_name`,`controller_action`,`json_data`) VALUES ('1','127.0.0.1','2016-03-16 11:22:54','对方在服务器本地操作','本机地址','Mozilla/5.0 (Macintosh; Intel Mac OS X 10_11_3) AppleWebKit/537.36 (KHTML, like Gecko) Chrome/46.0.2490.86 Safari/537.36','执行 查看数据表','Db/index','{&quot;GET&quot;:{&quot;_&quot;:&quot;1458098569573&quot;}}') [ RunTime:0.0014s ]
SQL: SHOW TABLES [ RunTime:0.0033s ]
INFO: [ view_parse ] --START--
INFO: [ template_filter ] --START--
INFO: Run Behavior\ContentReplaceBehavior [ RunTime:0.000106s ]
INFO: [ template_filter ] --END-- [ RunTime:0.000193s ]
INFO: Run Behavior\ParseTemplateBehavior [ RunTime:0.010157s ]
INFO: [ view_parse ] --END-- [ RunTime:0.010266s ]
INFO: [ view_filter ] --START--
INFO: Run Behavior\WriteHtmlCacheBehavior [ RunTime:0.000234s ]
INFO: [ view_filter ] --END-- [ RunTime:0.000281s ]
INFO: [ app_end ] --START--
INFO: Run Behavior\ShowPageTraceBehavior [ RunTime:0.000942s ]
INFO: [ app_end ] --END-- [ RunTime:0.001054s ]

[ 2016-03-16T11:22:54+08:00 ] 127.0.0.1 /admin/db/index
INFO: [ app_begin ] --START--
INFO: Run Behavior\ReadHtmlCacheBehavior [ RunTime:0.000728s ]
INFO: [ app_begin ] --END-- [ RunTime:0.001363s ]
SQL: SHOW COLUMNS FROM `think_auth_rule` [ RunTime:0.0020s ]
SQL: SELECT * FROM `think_auth_rule` WHERE `name` = 'Db/index' LIMIT 1   [ RunTime:0.0002s ]
SQL: SHOW COLUMNS FROM `think_behavior_log` [ RunTime:0.0023s ]
SQL: INSERT INTO `think_behavior_log` (`uid`,`ip`,`date`,`area`,`country`,`user_agent`,`controller_name`,`controller_action`,`json_data`) VALUES ('1','127.0.0.1','2016-03-16 11:22:54','对方在服务器本地操作','本机地址','Mozilla/5.0 (Macintosh; Intel Mac OS X 10_11_3) AppleWebKit/537.36 (KHTML, like Gecko) Chrome/46.0.2490.86 Safari/537.36','执行 查看数据表','Db/index','{&quot;POST&quot;:[]}') [ RunTime:0.0003s ]
SQL: SHOW TABLES [ RunTime:0.0003s ]
SQL: SHOW TABLE STATUS FROM `thinkphp-easyui` [ RunTime:0.0057s ]

[ 2016-03-16T11:22:56+08:00 ] 127.0.0.1 /admin/index/getleftmenu/id/3
INFO: [ app_begin ] --START--
INFO: Run Behavior\ReadHtmlCacheBehavior [ RunTime:0.000789s ]
INFO: [ app_begin ] --END-- [ RunTime:0.001550s ]
SQL: SHOW COLUMNS FROM `think_auth_rule` [ RunTime:0.0038s ]
SQL: SELECT `id` FROM `think_auth_rule`  [ RunTime:0.0003s ]
SQL: SELECT `id`,title as text,`cls` FROM `think_auth_rule` WHERE `rule_id` = 3 AND `display` = 1 AND `id` IN ('1','2','3','4','5','6','7','8','9','10','11','12','13','14','15','16','17','18','19','20','21','22','23','24','25','26','27','28','29','30','47','48','49','50','51','52','53','54','55','56','57','58','59','60','61','62','63','64','65','66','67','68','69','70','71','72','74','75','76','77','78','79','83','84','85','114','115','116','117') ORDER BY sort asc  [ RunTime:0.0004s ]
SQL: SELECT `id`,title as text,`cls`,name as url FROM `think_auth_rule` WHERE `rule_id` = 85 AND `display` = 1 AND `id` IN ('1','2','3','4','5','6','7','8','9','10','11','12','13','14','15','16','17','18','19','20','21','22','23','24','25','26','27','28','29','30','47','48','49','50','51','52','53','54','55','56','57','58','59','60','61','62','63','64','65','66','67','68','69','70','71','72','74','75','76','77','78','79','83','84','85','114','115','116','117') ORDER BY sort asc  [ RunTime:0.0004s ]

[ 2016-03-16T11:22:57+08:00 ] 127.0.0.1 /admin/index/getleftmenu/id/1
INFO: [ app_begin ] --START--
INFO: Run Behavior\ReadHtmlCacheBehavior [ RunTime:0.000689s ]
INFO: [ app_begin ] --END-- [ RunTime:0.001011s ]
SQL: SHOW COLUMNS FROM `think_auth_rule` [ RunTime:0.0018s ]
SQL: SELECT `id` FROM `think_auth_rule`  [ RunTime:0.0002s ]
SQL: SELECT `id`,title as text,`cls` FROM `think_auth_rule` WHERE `rule_id` = 1 AND `display` = 1 AND `id` IN ('1','2','3','4','5','6','7','8','9','10','11','12','13','14','15','16','17','18','19','20','21','22','23','24','25','26','27','28','29','30','47','48','49','50','51','52','53','54','55','56','57','58','59','60','61','62','63','64','65','66','67','68','69','70','71','72','74','75','76','77','78','79','83','84','85','114','115','116','117') ORDER BY sort asc  [ RunTime:0.0003s ]
SQL: SELECT `id`,title as text,`cls`,name as url FROM `think_auth_rule` WHERE `rule_id` = 4 AND `display` = 1 AND `id` IN ('1','2','3','4','5','6','7','8','9','10','11','12','13','14','15','16','17','18','19','20','21','22','23','24','25','26','27','28','29','30','47','48','49','50','51','52','53','54','55','56','57','58','59','60','61','62','63','64','65','66','67','68','69','70','71','72','74','75','76','77','78','79','83','84','85','114','115','116','117') ORDER BY sort asc  [ RunTime:0.0004s ]

[ 2016-03-16T11:22:57+08:00 ] 127.0.0.1 /admin/index/getleftmenu/id/2
INFO: [ app_begin ] --START--
INFO: Run Behavior\ReadHtmlCacheBehavior [ RunTime:0.000402s ]
INFO: [ app_begin ] --END-- [ RunTime:0.000702s ]
SQL: SHOW COLUMNS FROM `think_auth_rule` [ RunTime:0.0032s ]
SQL: SELECT `id` FROM `think_auth_rule`  [ RunTime:0.0004s ]
SQL: SELECT `id`,title as text,`cls` FROM `think_auth_rule` WHERE `rule_id` = 2 AND `display` = 1 AND `id` IN ('1','2','3','4','5','6','7','8','9','10','11','12','13','14','15','16','17','18','19','20','21','22','23','24','25','26','27','28','29','30','47','48','49','50','51','52','53','54','55','56','57','58','59','60','61','62','63','64','65','66','67','68','69','70','71','72','74','75','76','77','78','79','83','84','85','114','115','116','117') ORDER BY sort asc  [ RunTime:0.0005s ]
SQL: SELECT `id`,title as text,`cls`,name as url FROM `think_auth_rule` WHERE `rule_id` = 8 AND `display` = 1 AND `id` IN ('1','2','3','4','5','6','7','8','9','10','11','12','13','14','15','16','17','18','19','20','21','22','23','24','25','26','27','28','29','30','47','48','49','50','51','52','53','54','55','56','57','58','59','60','61','62','63','64','65','66','67','68','69','70','71','72','74','75','76','77','78','79','83','84','85','114','115','116','117') ORDER BY sort asc  [ RunTime:0.0007s ]
SQL: SELECT `id`,title as text,`cls`,name as url FROM `think_auth_rule` WHERE `rule_id` = 19 AND `display` = 1 AND `id` IN ('1','2','3','4','5','6','7','8','9','10','11','12','13','14','15','16','17','18','19','20','21','22','23','24','25','26','27','28','29','30','47','48','49','50','51','52','53','54','55','56','57','58','59','60','61','62','63','64','65','66','67','68','69','70','71','72','74','75','76','77','78','79','83','84','85','114','115','116','117') ORDER BY sort asc  [ RunTime:0.0003s ]
SQL: SELECT `id`,title as text,`cls`,name as url FROM `think_auth_rule` WHERE `rule_id` = 53 AND `display` = 1 AND `id` IN ('1','2','3','4','5','6','7','8','9','10','11','12','13','14','15','16','17','18','19','20','21','22','23','24','25','26','27','28','29','30','47','48','49','50','51','52','53','54','55','56','57','58','59','60','61','62','63','64','65','66','67','68','69','70','71','72','74','75','76','77','78','79','83','84','85','114','115','116','117') ORDER BY sort asc  [ RunTime:0.0003s ]
SQL: SELECT `id`,title as text,`cls`,name as url FROM `think_auth_rule` WHERE `rule_id` = 62 AND `display` = 1 AND `id` IN ('1','2','3','4','5','6','7','8','9','10','11','12','13','14','15','16','17','18','19','20','21','22','23','24','25','26','27','28','29','30','47','48','49','50','51','52','53','54','55','56','57','58','59','60','61','62','63','64','65','66','67','68','69','70','71','72','74','75','76','77','78','79','83','84','85','114','115','116','117') ORDER BY sort asc  [ RunTime:0.0004s ]

[ 2016-03-16T11:22:58+08:00 ] 127.0.0.1 /admin/index/getleftmenu/id/3
INFO: [ app_begin ] --START--
INFO: Run Behavior\ReadHtmlCacheBehavior [ RunTime:0.000864s ]
INFO: [ app_begin ] --END-- [ RunTime:0.001603s ]
SQL: SHOW COLUMNS FROM `think_auth_rule` [ RunTime:0.0114s ]
SQL: SELECT `id` FROM `think_auth_rule`  [ RunTime:0.0006s ]
SQL: SELECT `id`,title as text,`cls` FROM `think_auth_rule` WHERE `rule_id` = 3 AND `display` = 1 AND `id` IN ('1','2','3','4','5','6','7','8','9','10','11','12','13','14','15','16','17','18','19','20','21','22','23','24','25','26','27','28','29','30','47','48','49','50','51','52','53','54','55','56','57','58','59','60','61','62','63','64','65','66','67','68','69','70','71','72','74','75','76','77','78','79','83','84','85','114','115','116','117') ORDER BY sort asc  [ RunTime:0.0006s ]
SQL: SELECT `id`,title as text,`cls`,name as url FROM `think_auth_rule` WHERE `rule_id` = 85 AND `display` = 1 AND `id` IN ('1','2','3','4','5','6','7','8','9','10','11','12','13','14','15','16','17','18','19','20','21','22','23','24','25','26','27','28','29','30','47','48','49','50','51','52','53','54','55','56','57','58','59','60','61','62','63','64','65','66','67','68','69','70','71','72','74','75','76','77','78','79','83','84','85','114','115','116','117') ORDER BY sort asc  [ RunTime:0.0007s ]

[ 2016-03-16T11:22:59+08:00 ] 127.0.0.1 /admin/index/main?_=1458098579179
INFO: [ app_begin ] --START--
INFO: Run Behavior\ReadHtmlCacheBehavior [ RunTime:0.000899s ]
INFO: [ app_begin ] --END-- [ RunTime:0.001532s ]
SQL: SHOW COLUMNS FROM `think_panel` [ RunTime:0.0020s ]
SQL: SELECT * FROM `think_panel` WHERE `id` = 1 LIMIT 1   [ RunTime:0.0003s ]
SQL: SELECT * FROM `think_panel` WHERE `id` = 2 LIMIT 1   [ RunTime:0.0003s ]
SQL: SELECT * FROM `think_panel` WHERE `id` = 3 LIMIT 1   [ RunTime:0.0003s ]
SQL: SELECT * FROM `think_panel` WHERE `id` = 4 LIMIT 1   [ RunTime:0.0003s ]
SQL: SHOW COLUMNS FROM `think_user` [ RunTime:0.0037s ]
SQL: SELECT * FROM `think_user` WHERE `uid` = 1 LIMIT 1   [ RunTime:0.0003s ]
SQL: SHOW COLUMNS FROM `think_auth_group` [ RunTime:0.0023s ]
NOTIC: [8] Undefined index: mapping_order /Users/link/WWW/thinkphp-easyui/ThinkPHP/Library/Think/Model/RelationModel.class.php 第 186 行.
NOTIC: [8] Undefined index: mapping_limit /Users/link/WWW/thinkphp-easyui/ThinkPHP/Library/Think/Model/RelationModel.class.php 第 187 行.
SQL: SELECT b.* FROM think_auth_group_access AS a, think_auth_group AS b WHERE a.group_id = b.id AND a. uid='1' [ RunTime:0.0004s ]
SQL: SHOW COLUMNS FROM `think_branch` [ RunTime:0.0028s ]
SQL: SELECT * FROM `think_branch` WHERE ( 1=1 AND id='1' ) LIMIT 1   [ RunTime:0.0003s ]
SQL: SHOW COLUMNS FROM `think_job` [ RunTime:0.0021s ]
SQL: SELECT * FROM `think_job` WHERE ( 1=1 AND id='1' ) LIMIT 1   [ RunTime:0.0003s ]
SQL: SHOW COLUMNS FROM `think_login_log` [ RunTime:0.0036s ]
SQL: SELECT * FROM `think_login_log` WHERE `uid` = 1 ORDER BY id desc LIMIT 1   [ RunTime:0.0006s ]
SQL: SELECT * FROM `think_login_log` WHERE `uid` = 1 ORDER BY id desc LIMIT 5   [ RunTime:0.0003s ]
INFO: [ view_parse ] --START--
INFO: [ template_filter ] --START--
INFO: Run Behavior\ContentReplaceBehavior [ RunTime:0.000109s ]
INFO: [ template_filter ] --END-- [ RunTime:0.000276s ]
INFO: Run Behavior\ParseTemplateBehavior [ RunTime:0.015528s ]
INFO: [ view_parse ] --END-- [ RunTime:0.015744s ]
INFO: [ view_filter ] --START--
INFO: Run Behavior\WriteHtmlCacheBehavior [ RunTime:0.000207s ]
INFO: [ view_filter ] --END-- [ RunTime:0.000287s ]
INFO: [ app_end ] --START--
INFO: Run Behavior\ShowPageTraceBehavior [ RunTime:0.000850s ]
INFO: [ app_end ] --END-- [ RunTime:0.000961s ]

[ 2016-03-16T11:22:59+08:00 ] 127.0.0.1 /admin/index/getleftmenu/id/1
INFO: [ app_begin ] --START--
INFO: Run Behavior\ReadHtmlCacheBehavior [ RunTime:0.000712s ]
INFO: [ app_begin ] --END-- [ RunTime:0.001263s ]
SQL: SHOW COLUMNS FROM `think_auth_rule` [ RunTime:0.0036s ]
SQL: SELECT `id` FROM `think_auth_rule`  [ RunTime:0.0003s ]
SQL: SELECT `id`,title as text,`cls` FROM `think_auth_rule` WHERE `rule_id` = 1 AND `display` = 1 AND `id` IN ('1','2','3','4','5','6','7','8','9','10','11','12','13','14','15','16','17','18','19','20','21','22','23','24','25','26','27','28','29','30','47','48','49','50','51','52','53','54','55','56','57','58','59','60','61','62','63','64','65','66','67','68','69','70','71','72','74','75','76','77','78','79','83','84','85','114','115','116','117') ORDER BY sort asc  [ RunTime:0.0006s ]
SQL: SELECT `id`,title as text,`cls`,name as url FROM `think_auth_rule` WHERE `rule_id` = 4 AND `display` = 1 AND `id` IN ('1','2','3','4','5','6','7','8','9','10','11','12','13','14','15','16','17','18','19','20','21','22','23','24','25','26','27','28','29','30','47','48','49','50','51','52','53','54','55','56','57','58','59','60','61','62','63','64','65','66','67','68','69','70','71','72','74','75','76','77','78','79','83','84','85','114','115','116','117') ORDER BY sort asc  [ RunTime:0.0006s ]

[ 2016-03-16T11:23:22+08:00 ] 127.0.0.1 /admin/login/session_timeout
INFO: [ app_begin ] --START--
INFO: Run Behavior\ReadHtmlCacheBehavior [ RunTime:0.000565s ]
INFO: [ app_begin ] --END-- [ RunTime:0.000878s ]

[ 2016-03-16T11:23:33+08:00 ] 127.0.0.1 /admin/login/session_timeout
INFO: [ app_begin ] --START--
INFO: Run Behavior\ReadHtmlCacheBehavior [ RunTime:0.000651s ]
INFO: [ app_begin ] --END-- [ RunTime:0.001090s ]

[ 2016-03-16T11:23:49+08:00 ] 127.0.0.1 /admin/login/session_timeout
INFO: [ app_begin ] --START--
INFO: Run Behavior\ReadHtmlCacheBehavior [ RunTime:0.002468s ]
INFO: [ app_begin ] --END-- [ RunTime:0.004047s ]

[ 2016-03-16T11:24:04+08:00 ] 127.0.0.1 /admin/login/session_timeout
INFO: [ app_begin ] --START--
INFO: Run Behavior\ReadHtmlCacheBehavior [ RunTime:0.000680s ]
INFO: [ app_begin ] --END-- [ RunTime:0.001303s ]

[ 2016-03-16T11:24:14+08:00 ] 127.0.0.1 /admin/login/session_timeout
INFO: [ app_begin ] --START--
INFO: Run Behavior\ReadHtmlCacheBehavior [ RunTime:0.002052s ]
INFO: [ app_begin ] --END-- [ RunTime:0.003629s ]

[ 2016-03-16T11:24:24+08:00 ] 127.0.0.1 /admin/login/session_timeout
INFO: [ app_begin ] --START--
INFO: Run Behavior\ReadHtmlCacheBehavior [ RunTime:0.000618s ]
INFO: [ app_begin ] --END-- [ RunTime:0.001015s ]

[ 2016-03-16T11:24:36+08:00 ] 127.0.0.1 /admin/login/session_timeout
INFO: [ app_begin ] --START--
INFO: Run Behavior\ReadHtmlCacheBehavior [ RunTime:0.000674s ]
INFO: [ app_begin ] --END-- [ RunTime:0.001184s ]

[ 2016-03-16T11:24:47+08:00 ] 127.0.0.1 /admin/login/session_timeout
INFO: [ app_begin ] --START--
INFO: Run Behavior\ReadHtmlCacheBehavior [ RunTime:0.000580s ]
INFO: [ app_begin ] --END-- [ RunTime:0.000921s ]

[ 2016-03-16T11:24:58+08:00 ] 127.0.0.1 /admin/login/session_timeout
INFO: [ app_begin ] --START--
INFO: Run Behavior\ReadHtmlCacheBehavior [ RunTime:0.000483s ]
INFO: [ app_begin ] --END-- [ RunTime:0.000794s ]

[ 2016-03-16T11:25:09+08:00 ] 127.0.0.1 /admin/login/session_timeout
INFO: [ app_begin ] --START--
INFO: Run Behavior\ReadHtmlCacheBehavior [ RunTime:0.000497s ]
INFO: [ app_begin ] --END-- [ RunTime:0.000811s ]

[ 2016-03-16T11:25:19+08:00 ] 127.0.0.1 /admin/login/session_timeout
INFO: [ app_begin ] --START--
INFO: Run Behavior\ReadHtmlCacheBehavior [ RunTime:0.000405s ]
INFO: [ app_begin ] --END-- [ RunTime:0.000704s ]

[ 2016-03-16T11:25:29+08:00 ] 127.0.0.1 /admin/login/session_timeout
INFO: [ app_begin ] --START--
INFO: Run Behavior\ReadHtmlCacheBehavior [ RunTime:0.000604s ]
INFO: [ app_begin ] --END-- [ RunTime:0.001004s ]

[ 2016-03-16T11:25:39+08:00 ] 127.0.0.1 /admin/login/session_timeout
INFO: [ app_begin ] --START--
INFO: Run Behavior\ReadHtmlCacheBehavior [ RunTime:0.000537s ]
INFO: [ app_begin ] --END-- [ RunTime:0.000979s ]

[ 2016-03-16T11:25:49+08:00 ] 127.0.0.1 /admin/login/session_timeout
INFO: [ app_begin ] --START--
INFO: Run Behavior\ReadHtmlCacheBehavior [ RunTime:0.000454s ]
INFO: [ app_begin ] --END-- [ RunTime:0.000926s ]

[ 2016-03-16T11:25:59+08:00 ] 127.0.0.1 /admin/login/session_timeout
INFO: [ app_begin ] --START--
INFO: Run Behavior\ReadHtmlCacheBehavior [ RunTime:0.000454s ]
INFO: [ app_begin ] --END-- [ RunTime:0.000800s ]

